[2022-06-22 08:21:19] {Template.readFile} path:/home/otes/public_html/html/layout/left_banner.html
[2022-06-22 08:21:40] {Template.readFile} path:/home/otes/public_html/html/layout/left_banner.html
[2022-06-22 08:57:36] {Template.readFile} path:/home/otes/public_html/html/layout/left_banner.html
[2022-06-22 09:00:32] {Template.readFile} path:/home/otes/public_html/html/layout/left_banner.html
[2022-06-22 09:00:43] at /mypage/courseuser_0insert.jsp
{Malgn.strToDate(1)} source: (source is blank or null)
[2022-06-22 09:00:43] at /mypage/courseuser_0insert.jsp
{Malgn.diffDate} type:D, sdate:, edate:20220622 (date is blank or null)
[2022-06-22 09:20:49] {Template.readFile} path:/home/otes/public_html/html/layout/left_banner.html
[2022-06-22 09:50:13] {Template.readFile} path:/home/otes/public_html/html/layout/left_banner.html
[2022-06-22 09:57:17] {Template.readFile} path:/home/otes/public_html/html/layout/left_banner.html
[2022-06-22 09:57:18] {Template.readFile} path:/home/otes/public_html/html/layout/left_banner.html
[2022-06-22 09:57:18] {Template.readFile} path:/home/otes/public_html/html/layout/left_banner.html
[2022-06-22 09:57:18] {Template.readFile} path:/home/otes/public_html/html/layout/left_banner.html
[2022-06-22 09:57:20] {Template.readFile} path:/home/otes/public_html/html/layout/left_banner.html
[2022-06-22 09:57:34] {Template.readFile} path:/home/otes/public_html/html/layout/left_banner.html
[2022-06-22 09:58:10] {Template.readFile} path:/home/otes/public_html/html/layout/left_banner.html
[2022-06-22 09:58:10] {Template.readFile} path:/home/otes/public_html/html/layout/left_banner.html
[2022-06-22 09:58:11] {Template.readFile} path:/home/otes/public_html/html/layout/left_banner.html
[2022-06-22 09:58:11] {Template.readFile} path:/home/otes/public_html/html/layout/left_banner.html
[2022-06-22 09:58:13] {Template.readFile} path:/home/otes/public_html/html/layout/left_banner.html
[2022-06-22 09:59:57] {Template.readFile} path:/home/otes/public_html/html/layout/left_banner.html
[2022-06-22 09:59:58] {Template.readFile} path:/home/otes/public_html/html/layout/left_banner.html
[2022-06-22 09:59:58] {Template.readFile} path:/home/otes/public_html/html/layout/left_banner.html
[2022-06-22 09:59:59] {Template.readFile} path:/home/otes/public_html/html/layout/left_banner.html
[2022-06-22 09:59:59] {Template.readFile} path:/home/otes/public_html/html/layout/left_banner.html
[2022-06-22 09:59:59] {Template.readFile} path:/home/otes/public_html/html/layout/left_banner.html
[2022-06-22 10:00:01] {Template.readFile} path:/home/otes/public_html/html/layout/left_banner.html
[2022-06-22 10:00:08] {Template.readFile} path:/home/otes/public_html/html/layout/left_banner.html
[2022-06-22 10:00:09] {Template.readFile} path:/home/otes/public_html/html/layout/left_banner.html
[2022-06-22 10:00:11] {Template.readFile} path:/home/otes/public_html/html/layout/left_banner.html
[2022-06-22 10:01:11] {Template.readFile} path:/home/otes/public_html/html/layout/left_banner.html
[2022-06-22 10:01:42] {Template.readFile} path:/home/otes/public_html/html/layout/left_banner.html
[2022-06-22 10:03:45] {Template.readFile} path:/home/otes/public_html/html/layout/left_banner.html
[2022-06-22 10:04:00] {Template.readFile} path:/home/otes/public_html/html/layout/left_banner.html
[2022-06-22 10:04:09] at /mypage/courseuser_0insert.jsp
{Malgn.strToDate(1)} source: (source is blank or null)
[2022-06-22 10:04:09] at /mypage/courseuser_0insert.jsp
{Malgn.diffDate} type:D, sdate:, edate:20220622 (date is blank or null)
[2022-06-22 10:04:11] {Template.readFile} path:/home/otes/public_html/html/layout/left_banner.html
[2022-06-22 10:04:24] {Template.readFile} path:/home/otes/public_html/html/layout/left_banner.html
[2022-06-22 10:04:33] {Template.readFile} path:/home/otes/public_html/html/layout/left_banner.html
[2022-06-22 10:04:45] {Template.readFile} path:/home/otes/public_html/html/layout/left_banner.html
[2022-06-22 10:04:46] {Template.readFile} path:/home/otes/public_html/html/layout/left_banner.html
[2022-06-22 10:04:46] {Template.readFile} path:/home/otes/public_html/html/layout/left_banner.html
[2022-06-22 10:04:51] {Template.readFile} path:/home/otes/public_html/html/layout/left_banner.html
[2022-06-22 10:07:13] {Template.readFile} path:/home/otes/public_html/html/layout/left_banner.html
[2022-06-22 10:11:37] {Template.readFile} path:/home/otes/public_html/html/layout/left_banner.html
[2022-06-22 10:12:48] {Template.readFile} path:/home/otes/public_html/html/layout/left_banner.html
[2022-06-22 10:12:52] {Template.readFile} path:/home/otes/public_html/html/layout/left_banner.html
[2022-06-22 10:13:04] {Template.readFile} path:/home/otes/public_html/html/layout/left_banner.html
[2022-06-22 10:13:51] {Template.readFile} path:/home/otes/public_html/html/layout/left_banner.html
[2022-06-22 10:15:50] {Template.readFile} path:/home/otes/public_html/html/layout/left_banner.html
[2022-06-22 10:19:10] {Template.readFile} path:/home/otes/public_html/html/layout/left_banner.html
[2022-06-22 10:19:11] {Template.readFile} path:/home/otes/public_html/html/layout/left_banner.html
[2022-06-22 10:21:57] at /sysop/course/course_0delete.jsp
{DB.query} SELECT  COUNT(*) AS count  FROM LM_COURSE_USER WHERE  SELECT COUNT(*) FROM LM_COURSE_USER a  INNER JOIN TB_USER u ON a.user_id = u.id  WHERE a.course_id = 24 AND a.status != -1  => You have an error in your SQL syntax; check the manual that corresponds to your MySQL server version for the right syntax to use near 'SELECT COUNT(*) FROM LM_COURSE_USER a  INNER JOIN TB_USER u ON a.user_id = u.id ' at line 1 (You have an error in your SQL syntax; check the manual that corresponds to your MySQL server version for the right syntax to use near 'SELECT COUNT(*) FROM LM_COURSE_USER a  INNER JOIN TB_USER u ON a.user_id = u.id ' at line 1)
[2022-06-22 10:22:12] at /sysop/course/course_0delete.jsp
{DB.query} SELECT  COUNT(*) AS count  FROM LM_COURSE_USER WHERE  SELECT COUNT(*) FROM LM_COURSE_USER a  INNER JOIN TB_USER u ON a.user_id = u.id  WHERE a.course_id = 22 AND a.status != -1  => You have an error in your SQL syntax; check the manual that corresponds to your MySQL server version for the right syntax to use near 'SELECT COUNT(*) FROM LM_COURSE_USER a  INNER JOIN TB_USER u ON a.user_id = u.id ' at line 1 (You have an error in your SQL syntax; check the manual that corresponds to your MySQL server version for the right syntax to use near 'SELECT COUNT(*) FROM LM_COURSE_USER a  INNER JOIN TB_USER u ON a.user_id = u.id ' at line 1)
[2022-06-22 11:03:59] {Template.readFile} path:/home/otes/public_html/html/layout/left_banner.html
[2022-06-22 11:04:02] {Template.readFile} path:/home/otes/public_html/html/layout/left_banner.html
[2022-06-22 11:04:05] {Template.readFile} path:/home/otes/public_html/html/layout/left_banner.html
[2022-06-22 11:04:54] {Template.readFile} path:/home/otes/public_html/html/layout/left_banner.html
[2022-06-22 11:05:10] {Template.readFile} path:/home/otes/public_html/html/layout/left_banner.html
[2022-06-22 11:05:13] {Template.readFile} path:/home/otes/public_html/html/layout/left_banner.html
[2022-06-22 11:06:33] {Template.readFile} path:/home/otes/public_html/html/layout/left_banner.html
[2022-06-22 11:06:35] {Template.readFile} path:/home/otes/public_html/html/layout/left_banner.html
[2022-06-22 11:06:37] {Template.readFile} path:/home/otes/public_html/html/layout/left_banner.html
[2022-06-22 11:08:54] {Template.readFile} path:/home/otes/public_html/html/layout/left_banner.html
[2022-06-22 11:08:58] {Template.readFile} path:/home/otes/public_html/html/layout/left_banner.html
[2022-06-22 11:09:00] {Template.readFile} path:/home/otes/public_html/html/layout/left_banner.html
[2022-06-22 11:09:01] {Template.readFile} path:/home/otes/public_html/html/layout/left_banner.html
[2022-06-22 11:09:03] {Template.readFile} path:/home/otes/public_html/html/layout/left_banner.html
[2022-06-22 11:13:06] {Template.readFile} path:/home/otes/public_html/html/layout/left_banner.html
[2022-06-22 11:13:16] {Template.readFile} path:/home/otes/public_html/html/layout/left_banner.html
[2022-06-22 11:16:12] {Template.readFile} path:/home/otes/public_html/html/layout/left_banner.html
[2022-06-22 11:16:12] {Template.readFile} path:/home/otes/public_html/html/layout/left_banner.html
[2022-06-22 11:17:34] {Template.readFile} path:/home/otes/public_html/html/layout/left_banner.html
[2022-06-22 11:17:41] {Template.readFile} path:/home/otes/public_html/html/layout/left_banner.html
[2022-06-22 11:21:31] at /mypage/courseuser_0insert.jsp
{Malgn.strToDate(1)} source: (source is blank or null)
[2022-06-22 11:21:31] at /mypage/courseuser_0insert.jsp
{Malgn.diffDate} type:D, sdate:, edate:20220622 (date is blank or null)
[2022-06-22 11:21:33] {Template.readFile} path:/home/otes/public_html/html/layout/left_banner.html
[2022-06-22 11:22:05] {Template.readFile} path:/home/otes/public_html/html/layout/left_banner.html
[2022-06-22 11:37:18] {Template.readFile} path:/home/otes/public_html/html/layout/left_banner.html
[2022-06-22 11:37:20] {Template.readFile} path:/home/otes/public_html/html/layout/left_banner.html
[2022-06-22 11:37:23] {Template.readFile} path:/home/otes/public_html/html/layout/left_banner.html
[2022-06-22 11:37:50] {Template.readFile} path:/home/otes/public_html/html/layout/left_banner.html
[2022-06-22 11:38:17] {Template.readFile} path:/home/otes/public_html/html/layout/left_banner.html
[2022-06-22 13:22:13] {Template.readFile} path:/home/otes/public_html/html/layout/left_banner.html
[2022-06-22 13:22:14] {Template.readFile} path:/home/otes/public_html/html/layout/left_banner.html
[2022-06-22 13:22:14] {Template.readFile} path:/home/otes/public_html/html/layout/left_banner.html
[2022-06-22 13:22:15] {Template.readFile} path:/home/otes/public_html/html/layout/left_banner.html
[2022-06-22 13:22:16] {Template.readFile} path:/home/otes/public_html/html/layout/left_banner.html
[2022-06-22 13:22:17] {Template.readFile} path:/home/otes/public_html/html/layout/left_banner.html
[2022-06-22 13:26:33] {Template.readFile} path:/home/otes/public_html/html/layout/left_banner.html
[2022-06-22 13:26:38] {Template.readFile} path:/home/otes/public_html/html/layout/left_banner.html
[2022-06-22 13:26:40] {Template.readFile} path:/home/otes/public_html/html/layout/left_banner.html
[2022-06-22 13:29:11] {Template.readFile} path:/home/otes/public_html/html/layout/left_banner.html
[2022-06-22 13:29:16] {Template.readFile} path:/home/otes/public_html/html/layout/left_banner.html
[2022-06-22 13:29:24] {Template.readFile} path:/home/otes/public_html/html/layout/left_banner.html
[2022-06-22 13:38:49] {Template.readFile} path:/home/otes/public_html/html/layout/left_banner.html
[2022-06-22 13:39:37] {Template.readFile} path:/home/otes/public_html/html/layout/left_banner.html
[2022-06-22 13:42:07] {Template.readFile} path:/home/otes/public_html/html/layout/left_banner.html
[2022-06-22 13:47:35] {Template.readFile} path:/home/otes/public_html/html/layout/left_banner.html
[2022-06-22 13:47:35] {Template.readFile} path:/home/otes/public_html/html/layout/left_banner.html
[2022-06-22 13:47:36] {Template.readFile} path:/home/otes/public_html/html/layout/left_banner.html
[2022-06-22 13:47:36] {Template.readFile} path:/home/otes/public_html/html/layout/left_banner.html
[2022-06-22 13:47:56] {Template.readFile} path:/home/otes/public_html/html/layout/left_banner.html
[2022-06-22 13:47:58] {Template.readFile} path:/home/otes/public_html/html/layout/left_banner.html
[2022-06-22 13:52:17] {Template.readFile} path:/home/otes/public_html/html/layout/left_banner.html
[2022-06-22 13:53:53] {Template.readFile} path:/home/otes/public_html/html/layout/left_banner.html
[2022-06-22 13:53:55] {Template.readFile} path:/home/otes/public_html/html/layout/left_banner.html
[2022-06-22 13:54:21] {Template.readFile} path:/home/otes/public_html/html/layout/left_banner.html
[2022-06-22 13:54:23] {Template.readFile} path:/home/otes/public_html/html/layout/left_banner.html
[2022-06-22 13:59:44] {Template.readFile} path:/home/otes/public_html/html/layout/left_banner.html
[2022-06-22 14:15:49] {Template.readFile} path:/home/otes/public_html/html/layout/left_banner.html
[2022-06-22 14:21:21] {Template.readFile} path:/home/otes/public_html/html/layout/left_banner.html
[2022-06-22 14:21:21] {Template.readFile} path:/home/otes/public_html/html/layout/left_banner.html
[2022-06-22 14:21:22] {Template.readFile} path:/home/otes/public_html/html/layout/left_banner.html
[2022-06-22 14:21:22] {Template.readFile} path:/home/otes/public_html/html/layout/left_banner.html
[2022-06-22 14:26:01] {Template.readFile} path:/home/otes/public_html/html/layout/left_banner.html
[2022-06-22 14:26:13] {Template.readFile} path:/home/otes/public_html/html/layout/left_banner.html
[2022-06-22 14:26:23] {Template.readFile} path:/home/otes/public_html/html/layout/left_banner.html
[2022-06-22 14:26:42] {Template.readFile} path:/home/otes/public_html/html/layout/left_banner.html
[2022-06-22 14:26:48] {Template.readFile} path:/home/otes/public_html/html/layout/left_banner.html
[2022-06-22 14:27:18] {Template.readFile} path:/home/otes/public_html/html/layout/left_banner.html
[2022-06-22 14:28:04] {Template.readFile} path:/home/otes/public_html/html/layout/left_banner.html
[2022-06-22 15:03:44] at /sysop/course/course_0modify.jsp
{DB.query} SELECT * FROM LM_COURSE WHERE id = 22 AND a.status != -1  => Unknown column 'a.status' in 'where clause' (Unknown column 'a.status' in 'where clause')
[2022-06-22 15:03:48] at /sysop/course/course_0modify.jsp
{DB.query} SELECT * FROM LM_COURSE WHERE id = 22 AND a.status != -1  => Unknown column 'a.status' in 'where clause' (Unknown column 'a.status' in 'where clause')
[2022-06-22 15:03:52] at /sysop/course/course_0modify.jsp
{DB.query} SELECT * FROM LM_COURSE WHERE id = 22 AND a.status != -1  => Unknown column 'a.status' in 'where clause' (Unknown column 'a.status' in 'where clause')
[2022-06-22 15:05:30] at /sysop/course/course_0modify.jsp
{DB.query} SELECT * FROM LM_COURSE WHERE id = 22status != -1  => Unknown column '22status' in 'where clause' (Unknown column '22status' in 'where clause')
[2022-06-22 15:05:31] at /sysop/course/course_0modify.jsp
{DB.query} SELECT * FROM LM_COURSE WHERE id = 24status != -1  => Unknown column '24status' in 'where clause' (Unknown column '24status' in 'where clause')
[2022-06-22 15:05:32] at /sysop/course/course_0modify.jsp
{DB.query} SELECT * FROM LM_COURSE WHERE id = 24status != -1  => Unknown column '24status' in 'where clause' (Unknown column '24status' in 'where clause')
[2022-06-22 15:20:10] at /sysop/course/course_0lesson.jsp
{DB.query} SELECT * FROM LM_LESSON WHERE course_id = 22status != -1  => Unknown column '22status' in 'where clause' (Unknown column '22status' in 'where clause')
[2022-06-22 15:20:13] at /sysop/course/course_0lesson.jsp
{DB.query} SELECT * FROM LM_LESSON WHERE course_id = 24status != -1  => Unknown column '24status' in 'where clause' (Unknown column '24status' in 'where clause')
[2022-06-22 15:20:15] at /sysop/course/course_0lesson.jsp
{DB.query} SELECT * FROM LM_LESSON WHERE course_id = 1status != -1  => Unknown column '1status' in 'where clause' (Unknown column '1status' in 'where clause')
[2022-06-22 15:20:55] at /sysop/course/course_0lesson.jsp
{DB.query} SELECT * FROM LM_LESSON WHERE course_id = 22AND status != -1  => You have an error in your SQL syntax; check the manual that corresponds to your MySQL server version for the right syntax to use near 'status != -1' at line 1 (You have an error in your SQL syntax; check the manual that corresponds to your MySQL server version for the right syntax to use near 'status != -1' at line 1)
[2022-06-22 15:20:58] at /sysop/course/course_0lesson.jsp
{DB.query} SELECT * FROM LM_LESSON WHERE course_id = 22AND status != -1  => You have an error in your SQL syntax; check the manual that corresponds to your MySQL server version for the right syntax to use near 'status != -1' at line 1 (You have an error in your SQL syntax; check the manual that corresponds to your MySQL server version for the right syntax to use near 'status != -1' at line 1)
[2022-06-22 15:35:31] {Template.readFile} path:/home/otes/public_html/html/layout/left_banner.html
[2022-06-22 15:39:41] {Template.readFile} path:/home/otes/public_html/html/layout/left_banner.html
[2022-06-22 15:39:50] {Template.readFile} path:/home/otes/public_html/html/layout/left_banner.html
[2022-06-22 15:40:28] {Template.readFile} path:/home/otes/public_html/html/layout/left_banner.html
[2022-06-22 15:40:28] {Template.readFile} path:/home/otes/public_html/html/layout/left_banner.html
[2022-06-22 15:40:29] {Template.readFile} path:/home/otes/public_html/html/layout/left_banner.html
[2022-06-22 15:40:29] {Template.readFile} path:/home/otes/public_html/html/layout/left_banner.html
[2022-06-22 15:40:29] {Template.readFile} path:/home/otes/public_html/html/layout/left_banner.html
[2022-06-22 15:40:29] {Template.readFile} path:/home/otes/public_html/html/layout/left_banner.html
[2022-06-22 16:13:22] {Template.readFile} path:/home/otes/public_html/html/layout/left_banner.html
[2022-06-22 16:15:13] {Template.readFile} path:/home/otes/public_html/html/layout/left_banner.html
[2022-06-22 16:16:18] at /sysop/main/logout.jsp
{DB.execute} INSERT INTO TB_USER_LOGIN (login_type,user_id,device,log_date,ip_addr,reg_date) VALUES (?,?,?,?,?,?) => Field 'USER_TYPE' doesn't have a default value
{login_type=O, user_id=26, device=PC, log_date=20220622, ip_addr=125.129.123.211, reg_date=20220622161618} (Field 'USER_TYPE' doesn't have a default value)
[2022-06-22 16:19:17] {Template.readFile} path:/home/otes/public_html/html/layout/left_banner.html
[2022-06-22 16:19:20] {Template.readFile} path:/home/otes/public_html/html/layout/left_banner.html
[2022-06-22 16:20:48] {Template.readFile} path:/home/otes/public_html/html/layout/left_banner.html
[2022-06-22 16:21:05] {Template.readFile} path:/home/otes/public_html/html/layout/left_banner.html
[2022-06-22 16:21:07] {Template.readFile} path:/home/otes/public_html/html/layout/left_banner.html
[2022-06-22 16:21:08] {Template.readFile} path:/home/otes/public_html/html/layout/left_banner.html
[2022-06-22 16:21:09] {Template.readFile} path:/home/otes/public_html/html/layout/left_banner.html
[2022-06-22 16:21:09] {Template.readFile} path:/home/otes/public_html/html/layout/left_banner.html
[2022-06-22 16:21:10] {Template.readFile} path:/home/otes/public_html/html/layout/left_banner.html
[2022-06-22 16:21:10] {Template.readFile} path:/home/otes/public_html/html/layout/left_banner.html
[2022-06-22 16:22:59] {Template.readFile} path:/home/otes/public_html/html/layout/left_banner.html
[2022-06-22 16:23:02] {Template.readFile} path:/home/otes/public_html/html/layout/left_banner.html
[2022-06-22 16:23:04] {Template.readFile} path:/home/otes/public_html/html/layout/left_banner.html
[2022-06-22 16:23:07] {Template.readFile} path:/home/otes/public_html/html/layout/left_banner.html
[2022-06-22 16:25:29] {Template.readFile} path:/home/otes/public_html/html/layout/left_banner.html
[2022-06-22 16:26:57] {Template.readFile} path:/home/otes/public_html/html/layout/left_banner.html
[2022-06-22 16:27:32] {Template.readFile} path:/home/otes/public_html/html/layout/left_banner.html
[2022-06-22 16:27:39] {Template.readFile} path:/home/otes/public_html/html/layout/left_banner.html
[2022-06-22 16:27:40] {Template.readFile} path:/home/otes/public_html/html/layout/left_banner.html
[2022-06-22 16:30:10] {Template.readFile} path:/home/otes/public_html/html/layout/left_banner.html
[2022-06-22 16:30:10] {Template.readFile} path:/home/otes/public_html/html/layout/left_banner.html
[2022-06-22 16:30:13] {Template.readFile} path:/home/otes/public_html/html/layout/left_banner.html
[2022-06-22 16:30:14] {Template.readFile} path:/home/otes/public_html/html/layout/left_banner.html
[2022-06-22 16:32:09] {Template.readFile} path:/home/otes/public_html/html/layout/left_banner.html
[2022-06-22 16:33:39] {Template.readFile} path:/home/otes/public_html/html/layout/left_banner.html
[2022-06-22 16:33:40] {Template.readFile} path:/home/otes/public_html/html/layout/left_banner.html
[2022-06-22 16:33:41] {Template.readFile} path:/home/otes/public_html/html/layout/left_banner.html
[2022-06-22 16:33:45] {Template.readFile} path:/home/otes/public_html/html/layout/left_banner.html
[2022-06-22 16:33:47] {Template.readFile} path:/home/otes/public_html/html/layout/left_banner.html
[2022-06-22 16:33:49] {Template.readFile} path:/home/otes/public_html/html/layout/left_banner.html
[2022-06-22 16:33:52] {Template.readFile} path:/home/otes/public_html/html/layout/left_banner.html
[2022-06-22 16:36:27] {Template.readFile} path:/home/otes/public_html/html/layout/left_banner.html
[2022-06-22 16:39:14] {Template.readFile} path:/home/otes/public_html/html/layout/left_banner.html
[2022-06-22 16:39:21] {Template.readFile} path:/home/otes/public_html/html/layout/left_banner.html
[2022-06-22 16:39:52] {Template.readFile} path:/home/otes/public_html/html/layout/left_banner.html
[2022-06-22 16:40:11] {Template.readFile} path:/home/otes/public_html/html/layout/left_banner.html
[2022-06-22 16:42:57] {Template.readFile} path:/home/otes/public_html/html/layout/left_banner.html
[2022-06-22 16:42:57] {Template.readFile} path:/home/otes/public_html/html/layout/left_banner.html
[2022-06-22 16:42:58] {Template.readFile} path:/home/otes/public_html/html/layout/left_banner.html
[2022-06-22 16:43:42] {Template.readFile} path:/home/otes/public_html/html/layout/left_banner.html
[2022-06-22 16:43:44] {Template.readFile} path:/home/otes/public_html/html/layout/left_banner.html
[2022-06-22 16:58:07] {Template.readFile} path:/home/otes/public_html/html/layout/left_banner.html
[2022-06-22 16:58:10] {Template.readFile} path:/home/otes/public_html/html/layout/left_banner.html
[2022-06-22 16:58:11] {Template.readFile} path:/home/otes/public_html/html/layout/left_banner.html
[2022-06-22 16:58:29] {Template.readFile} path:/home/otes/public_html/html/layout/left_banner.html
[2022-06-22 17:01:05] {Template.readFile} path:/home/otes/public_html/html/layout/left_banner.html
[2022-06-22 17:01:40] {Template.readFile} path:/home/otes/public_html/html/layout/left_banner.html
[2022-06-22 17:01:41] {Template.readFile} path:/home/otes/public_html/html/layout/left_banner.html
[2022-06-22 17:01:48] {Template.readFile} path:/home/otes/public_html/html/layout/left_banner.html
[2022-06-22 17:03:49] {Template.readFile} path:/home/otes/public_html/html/layout/left_banner.html
[2022-06-22 17:09:37] {Template.readFile} path:/home/otes/public_html/html/layout/left_banner.html
[2022-06-22 17:14:36] {Template.readFile} path:/home/otes/public_html/html/layout/left_banner.html
[2022-06-22 17:28:08] {Template.readFile} path:/home/otes/public_html/html/layout/left_banner.html
[2022-06-22 17:29:17] {Template.readFile} path:/home/otes/public_html/html/layout/left_banner.html
[2022-06-22 17:29:26] at /sysop/content/lesson_0modify.jsp
{DB.query} SELECT * FROM LM_LESSON WHERE  id = 68 course_id22 AND status != -1  => You have an error in your SQL syntax; check the manual that corresponds to your MySQL server version for the right syntax to use near 'course_id22 AND status != -1' at line 1 (You have an error in your SQL syntax; check the manual that corresponds to your MySQL server version for the right syntax to use near 'course_id22 AND status != -1' at line 1)
[2022-06-22 17:29:40] at /sysop/content/lesson_0modify.jsp
{DB.query} SELECT * FROM LM_LESSON WHERE  id = 71 course_id 22 AND status != -1  => You have an error in your SQL syntax; check the manual that corresponds to your MySQL server version for the right syntax to use near 'course_id 22 AND status != -1' at line 1 (You have an error in your SQL syntax; check the manual that corresponds to your MySQL server version for the right syntax to use near 'course_id 22 AND status != -1' at line 1)
[2022-06-22 17:29:42] {Template.readFile} path:/home/otes/public_html/html/layout/left_banner.html
[2022-06-22 17:29:46] at /sysop/content/lesson_0modify.jsp
{DB.query} SELECT * FROM LM_LESSON WHERE  id = 71 course_id 22 AND status != -1  => You have an error in your SQL syntax; check the manual that corresponds to your MySQL server version for the right syntax to use near 'course_id 22 AND status != -1' at line 1 (You have an error in your SQL syntax; check the manual that corresponds to your MySQL server version for the right syntax to use near 'course_id 22 AND status != -1' at line 1)
[2022-06-22 17:31:21] at /sysop/content/lesson_0modify.jsp
{DB.query} SELECT * FROM LM_LESSON WHERE  id = 71 course_id 22 AND status != -1  => You have an error in your SQL syntax; check the manual that corresponds to your MySQL server version for the right syntax to use near 'course_id 22 AND status != -1' at line 1 (You have an error in your SQL syntax; check the manual that corresponds to your MySQL server version for the right syntax to use near 'course_id 22 AND status != -1' at line 1)
[2022-06-22 17:31:26] at /sysop/content/lesson_0modify.jsp
{DB.query} SELECT * FROM LM_LESSON WHERE  id = 71 course_id 22 AND status != -1  => You have an error in your SQL syntax; check the manual that corresponds to your MySQL server version for the right syntax to use near 'course_id 22 AND status != -1' at line 1 (You have an error in your SQL syntax; check the manual that corresponds to your MySQL server version for the right syntax to use near 'course_id 22 AND status != -1' at line 1)
[2022-06-22 17:32:48] at /sysop/content/lesson_0modify.jsp
{DB.query} SELECT * FROM LM_LESSON WHERE id = 68 course_id 22 AND status != -1 => You have an error in your SQL syntax; check the manual that corresponds to your MySQL server version for the right syntax to use near 'course_id 22 AND status != -1' at line 1 (You have an error in your SQL syntax; check the manual that corresponds to your MySQL server version for the right syntax to use near 'course_id 22 AND status != -1' at line 1)
[2022-06-22 17:32:50] at /sysop/content/lesson_0modify.jsp
{DB.query} SELECT * FROM LM_LESSON WHERE id = 68 course_id 22 AND status != -1 => You have an error in your SQL syntax; check the manual that corresponds to your MySQL server version for the right syntax to use near 'course_id 22 AND status != -1' at line 1 (You have an error in your SQL syntax; check the manual that corresponds to your MySQL server version for the right syntax to use near 'course_id 22 AND status != -1' at line 1)
[2022-06-22 17:33:11] at /sysop/content/lesson_0modify.jsp
{DB.query} SELECT * FROM LM_LESSON WHERE id = 71 AND course_id 22 AND status != -1 => You have an error in your SQL syntax; check the manual that corresponds to your MySQL server version for the right syntax to use near '22 AND status != -1' at line 1 (You have an error in your SQL syntax; check the manual that corresponds to your MySQL server version for the right syntax to use near '22 AND status != -1' at line 1)
[2022-06-22 17:33:15] at /sysop/content/lesson_0modify.jsp
{DB.query} SELECT * FROM LM_LESSON WHERE id = 71 AND course_id 22 AND status != -1 => You have an error in your SQL syntax; check the manual that corresponds to your MySQL server version for the right syntax to use near '22 AND status != -1' at line 1 (You have an error in your SQL syntax; check the manual that corresponds to your MySQL server version for the right syntax to use near '22 AND status != -1' at line 1)
[2022-06-22 17:33:59] at /sysop/content/lesson_0modify.jsp
{DB.query} SELECT * FROM LM_LESSON WHERE status != -1 AND id = 71 AND course_id 22 => You have an error in your SQL syntax; check the manual that corresponds to your MySQL server version for the right syntax to use near '22' at line 1 (You have an error in your SQL syntax; check the manual that corresponds to your MySQL server version for the right syntax to use near '22' at line 1)
[2022-06-22 17:34:01] at /sysop/content/lesson_0modify.jsp
{DB.query} SELECT * FROM LM_LESSON WHERE status != -1 AND id = 73 AND course_id 22 => You have an error in your SQL syntax; check the manual that corresponds to your MySQL server version for the right syntax to use near '22' at line 1 (You have an error in your SQL syntax; check the manual that corresponds to your MySQL server version for the right syntax to use near '22' at line 1)
[2022-06-22 17:36:44] at /mypage/courseuser_0insert.jsp
{Malgn.strToDate(1)} source: (source is blank or null)
[2022-06-22 17:36:44] at /mypage/courseuser_0insert.jsp
{Malgn.diffDate} type:D, sdate:, edate:20220622 (date is blank or null)
[2022-06-22 17:37:04] {Template.readFile} path:/home/otes/public_html/html/layout/left_banner.html
[2022-06-22 17:37:05] {Template.readFile} path:/home/otes/public_html/html/layout/left_banner.html
[2022-06-22 17:37:06] {Template.readFile} path:/home/otes/public_html/html/layout/left_banner.html
[2022-06-22 17:37:24] {Template.readFile} path:/home/otes/public_html/html/layout/left_banner.html
[2022-06-22 17:38:13] {Template.readFile} path:/home/otes/public_html/html/layout/left_banner.html
[2022-06-22 17:38:29] {Template.readFile} path:/home/otes/public_html/html/layout/left_banner.html
[2022-06-22 17:41:34] at /mypage/courseuser_0insert.jsp
{Malgn.strToDate(1)} source: (source is blank or null)
[2022-06-22 17:41:34] at /mypage/courseuser_0insert.jsp
{Malgn.diffDate} type:D, sdate:, edate:20220622 (date is blank or null)
[2022-06-22 17:41:36] {Template.readFile} path:/home/otes/public_html/html/layout/left_banner.html
[2022-06-22 17:42:11] {Template.readFile} path:/home/otes/public_html/html/layout/left_banner.html
[2022-06-22 17:42:28] {Template.readFile} path:/home/otes/public_html/html/layout/left_banner.html
[2022-06-22 17:43:06] {Template.readFile} path:/home/otes/public_html/html/layout/left_banner.html
[2022-06-22 17:45:55] {Template.readFile} path:/home/otes/public_html/html/layout/left_banner.html
[2022-06-22 17:46:30] {Template.readFile} path:/home/otes/public_html/html/layout/left_banner.html
[2022-06-22 17:49:20] at /member/join.jsp
{DB.execute} INSERT INTO TB_USER (mobile,passwd,conn_date,user_type,login_id,email_yn,email_date,agreement_yn,status,sms_yn,sms_date,email,user_nm,agreement_date,reg_date) VALUES (?,?,?,?,?,?,?,?,?,?,?,?,?,?,?) => Duplicate entry 'qwer2' for key 'LOGIN_ID'
{mobile=010-9902-0232, passwd=18006e2ca1c2129392c66d87334bd2452c572058d406b4e85f43c1f72def10f5, conn_date=20220622174920, user_type=U, login_id=qwer2, email_yn=Y, email_date=20220622, agreement_yn=Y, status=1, sms_yn=Y, sms_date=20220622, email=min@naver.com, user_nm=김대리, agreement_date=20220622174920, reg_date=20220622174920} (Duplicate entry 'qwer2' for key 'LOGIN_ID')
[2022-06-22 17:51:55] {Template.readFile} path:/home/otes/public_html/html/layout/left_banner.html
[2022-06-22 17:52:11] {Template.readFile} path:/home/otes/public_html/html/layout/left_banner.html
[2022-06-22 17:54:30] {Template.readFile} path:/home/otes/public_html/html/layout/left_banner.html
[2022-06-22 17:55:44] {Template.readFile} path:/home/otes/public_html/html/layout/left_banner.html
[2022-06-22 17:55:45] {Template.readFile} path:/home/otes/public_html/html/layout/left_banner.html
[2022-06-22 17:55:47] {Template.readFile} path:/home/otes/public_html/html/layout/left_banner.html
[2022-06-22 17:55:49] {Template.readFile} path:/home/otes/public_html/html/layout/left_banner.html
[2022-06-22 17:56:55] {Template.readFile} path:/home/otes/public_html/html/layout/left_banner.html
