[2022-06-27 10:36:07] at /sysop/course/course_0delete.jsp
{DB.query} SELECT  COUNT(*) AS count  FROM LM_LESSON WHERE course_id = 40 AND status ! = -1 => You have an error in your SQL syntax; check the manual that corresponds to your MySQL server version for the right syntax to use near '! = -1' at line 1 (You have an error in your SQL syntax; check the manual that corresponds to your MySQL server version for the right syntax to use near '! = -1' at line 1)
[2022-06-27 10:38:48] {Template.readFile} path:/home/otes/public_html/html/layout/left_banner.html
[2022-06-27 10:39:01] {Template.readFile} path:/home/otes/public_html/html/layout/left_banner.html
[2022-06-27 10:56:09] {Template.readFile} path:/home/otes/public_html/html/layout/left_banner.html
[2022-06-27 11:01:16] {Template.readFile} path:/home/otes/public_html/html/layout/left_banner.html
[2022-06-27 11:01:55] {Template.readFile} path:/home/otes/public_html/html/layout/left_banner.html
[2022-06-27 11:03:56] {Template.readFile} path:/home/otes/public_html/html/layout/left_banner.html
[2022-06-27 11:22:58] at /mypage/courseuser_0insert.jsp
{Malgn.strToDate(1)} source: (source is blank or null)
[2022-06-27 11:22:58] at /mypage/courseuser_0insert.jsp
{Malgn.diffDate} type:D, sdate:, edate:20220627 (date is blank or null)
[2022-06-27 11:22:58] {Template.readFile} path:/home/otes/public_html/html/layout/left_banner.html
[2022-06-27 14:51:56] {Template.readFile} path:/home/otes/public_html/html/layout/left_banner.html
[2022-06-27 14:52:01] at /mypage/courseuser_0insert.jsp
{Malgn.strToDate(1)} source: (source is blank or null)
[2022-06-27 14:52:01] at /mypage/courseuser_0insert.jsp
{Malgn.diffDate} type:D, sdate:, edate:20220627 (date is blank or null)
[2022-06-27 14:52:01] {Template.readFile} path:/home/otes/public_html/html/layout/left_banner.html
[2022-06-27 14:52:07] {Template.readFile} path:/home/otes/public_html/html/layout/left_banner.html
[2022-06-27 14:52:12] at /mypage/courseuser_0insert.jsp
{Malgn.strToDate(1)} source: (source is blank or null)
[2022-06-27 14:52:12] at /mypage/courseuser_0insert.jsp
{Malgn.diffDate} type:D, sdate:, edate:20220627 (date is blank or null)
[2022-06-27 14:52:13] {Template.readFile} path:/home/otes/public_html/html/layout/left_banner.html
[2022-06-27 14:52:17] {Template.readFile} path:/home/otes/public_html/html/layout/left_banner.html
[2022-06-27 15:05:45] {Template.readFile} path:/home/otes/public_html/html/layout/left_banner.html
[2022-06-27 15:06:20] at /sysop/course/course_0delete.jsp
{DB.query} SELECT  COUNT(*) AS count  FROM LM_LESSON WHERE course_id = 39 AND status ! = -1 => You have an error in your SQL syntax; check the manual that corresponds to your MySQL server version for the right syntax to use near '! = -1' at line 1 (You have an error in your SQL syntax; check the manual that corresponds to your MySQL server version for the right syntax to use near '! = -1' at line 1)
[2022-06-27 15:07:06] {Template.readFile} path:/home/otes/public_html/html/layout/left_banner.html
[2022-06-27 15:07:07] {Template.readFile} path:/home/otes/public_html/html/layout/left_banner.html
[2022-06-27 15:07:08] {Template.readFile} path:/home/otes/public_html/html/layout/left_banner.html
[2022-06-27 15:07:12] {Template.readFile} path:/home/otes/public_html/html/layout/left_banner.html
[2022-06-27 15:11:41] {Template.readFile} path:/home/otes/public_html/html/layout/left_banner.html
[2022-06-27 15:12:23] {Template.readFile} path:/home/otes/public_html/html/layout/left_banner.html
[2022-06-27 15:14:15] {Template.readFile} path:/home/otes/public_html/html/layout/left_banner.html
[2022-06-27 15:14:20] {Template.readFile} path:/home/otes/public_html/html/layout/left_banner.html
[2022-06-27 15:18:49] {Template.readFile} path:/home/otes/public_html/html/layout/left_banner.html
[2022-06-27 15:19:02] {Template.readFile} path:/home/otes/public_html/html/layout/left_banner.html
[2022-06-27 15:19:05] {Template.readFile} path:/home/otes/public_html/html/layout/left_banner.html
[2022-06-27 15:19:09] {Template.readFile} path:/home/otes/public_html/html/layout/left_banner.html
[2022-06-27 15:19:10] {Template.readFile} path:/home/otes/public_html/html/layout/left_banner.html
[2022-06-27 15:19:10] {Template.readFile} path:/home/otes/public_html/html/layout/left_banner.html
[2022-06-27 15:19:10] {Template.readFile} path:/home/otes/public_html/html/layout/left_banner.html
[2022-06-27 15:19:10] {Template.readFile} path:/home/otes/public_html/html/layout/left_banner.html
[2022-06-27 15:19:11] {Template.readFile} path:/home/otes/public_html/html/layout/left_banner.html
[2022-06-27 15:19:11] {Template.readFile} path:/home/otes/public_html/html/layout/left_banner.html
[2022-06-27 15:19:11] {Template.readFile} path:/home/otes/public_html/html/layout/left_banner.html
[2022-06-27 15:19:11] {Template.readFile} path:/home/otes/public_html/html/layout/left_banner.html
[2022-06-27 15:19:11] {Template.readFile} path:/home/otes/public_html/html/layout/left_banner.html
[2022-06-27 15:19:11] {Template.readFile} path:/home/otes/public_html/html/layout/left_banner.html
[2022-06-27 15:19:12] {Template.readFile} path:/home/otes/public_html/html/layout/left_banner.html
[2022-06-27 15:19:12] {Template.readFile} path:/home/otes/public_html/html/layout/left_banner.html
[2022-06-27 15:22:11] {Template.readFile} path:/home/otes/public_html/html/layout/left_banner.html
[2022-06-27 15:22:24] at /mypage/courseuser_0insert.jsp
{Malgn.strToDate(1)} source: (source is blank or null)
[2022-06-27 15:22:24] at /mypage/courseuser_0insert.jsp
{Malgn.diffDate} type:D, sdate:, edate:20220627 (date is blank or null)
[2022-06-27 15:22:24] {Template.readFile} path:/home/otes/public_html/html/layout/left_banner.html
[2022-06-27 15:22:46] at /classroom/progress.jsp
{DB.execute} INSERT INTO LM_COURSE_PROGRESS (course_user_id,complete_date,last_time,status,complete_yn,study_time,course_id,lesson_id,reg_date,user_id,max_time) VALUES (?,?,?,?,?,?,?,?,?,?,?) => Unknown column 'course_id' in 'field list'
{course_user_id=310, complete_date=, last_time=12, status=1, complete_yn=N, study_time=5, course_id=12, lesson_id=41, reg_date=20220627152246, user_id=26, max_time=0} (Unknown column 'course_id' in 'field list')
[2022-06-27 15:22:53] {Template.readFile} path:/home/otes/public_html/html/layout/left_banner.html
[2022-06-27 15:22:57] {Template.readFile} path:/home/otes/public_html/html/layout/left_banner.html
[2022-06-27 15:23:01] {Template.readFile} path:/home/otes/public_html/html/layout/left_banner.html
[2022-06-27 15:23:02] {Template.readFile} path:/home/otes/public_html/html/layout/left_banner.html
[2022-06-27 15:25:04] {Template.readFile} path:/home/otes/public_html/html/layout/left_banner.html
[2022-06-27 15:33:47] {Template.readFile} path:/home/otes/public_html/html/layout/left_banner.html
[2022-06-27 15:37:52] {Template.readFile} path:/home/otes/public_html/html/layout/left_banner.html
[2022-06-27 15:37:54] at /classroom/progress.jsp
{DB.execute} INSERT INTO LM_COURSE_PROGRESS (course_user_id,complete_date,last_time,status,complete_yn,study_time,course_id,lesson_id,reg_date,user_id,max_time) VALUES (?,?,?,?,?,?,?,?,?,?,?) => Unknown column 'course_id' in 'field list'
{course_user_id=374, complete_date=, last_time=30, status=1, complete_yn=N, study_time=30, course_id=26, lesson_id=77, reg_date=20220627153754, user_id=25, max_time=0} (Unknown column 'course_id' in 'field list')
[2022-06-27 15:38:33] at /classroom/progress.jsp
{DB.execute} INSERT INTO LM_COURSE_PROGRESS (course_user_id,complete_date,last_time,status,complete_yn,study_time,course_id,lesson_id,reg_date,user_id,max_time) VALUES (?,?,?,?,?,?,?,?,?,?,?) => Unknown column 'course_id' in 'field list'
{course_user_id=310, complete_date=, last_time=37, status=1, complete_yn=N, study_time=30, course_id=12, lesson_id=41, reg_date=20220627153833, user_id=26, max_time=0} (Unknown column 'course_id' in 'field list')
[2022-06-27 15:38:42] at /classroom/progress.jsp
{DB.execute} INSERT INTO LM_COURSE_PROGRESS (course_user_id,complete_date,last_time,status,complete_yn,study_time,course_id,lesson_id,reg_date,user_id,max_time) VALUES (?,?,?,?,?,?,?,?,?,?,?) => Unknown column 'course_id' in 'field list'
{course_user_id=374, complete_date=, last_time=75, status=1, complete_yn=N, study_time=30, course_id=26, lesson_id=77, reg_date=20220627153842, user_id=25, max_time=0} (Unknown column 'course_id' in 'field list')
[2022-06-27 15:38:44] at /classroom/progress.jsp
{DB.execute} INSERT INTO LM_COURSE_PROGRESS (course_user_id,complete_date,last_time,status,complete_yn,study_time,course_id,lesson_id,reg_date,user_id,max_time) VALUES (?,?,?,?,?,?,?,?,?,?,?) => Unknown column 'course_id' in 'field list'
{course_user_id=374, complete_date=, last_time=77, status=1, complete_yn=N, study_time=1, course_id=26, lesson_id=77, reg_date=20220627153844, user_id=25, max_time=0} (Unknown column 'course_id' in 'field list')
[2022-06-27 15:39:03] at /classroom/progress.jsp
{DB.execute} INSERT INTO LM_COURSE_PROGRESS (course_user_id,complete_date,last_time,status,complete_yn,study_time,course_id,lesson_id,reg_date,user_id,max_time) VALUES (?,?,?,?,?,?,?,?,?,?,?) => Unknown column 'course_id' in 'field list'
{course_user_id=310, complete_date=, last_time=67, status=1, complete_yn=N, study_time=30, course_id=12, lesson_id=41, reg_date=20220627153903, user_id=26, max_time=0} (Unknown column 'course_id' in 'field list')
[2022-06-27 15:39:33] at /classroom/progress.jsp
{DB.execute} INSERT INTO LM_COURSE_PROGRESS (course_user_id,complete_date,last_time,status,complete_yn,study_time,course_id,lesson_id,reg_date,user_id,max_time) VALUES (?,?,?,?,?,?,?,?,?,?,?) => Unknown column 'course_id' in 'field list'
{course_user_id=310, complete_date=, last_time=97, status=1, complete_yn=N, study_time=30, course_id=12, lesson_id=41, reg_date=20220627153933, user_id=26, max_time=0} (Unknown column 'course_id' in 'field list')
[2022-06-27 15:40:03] at /classroom/progress.jsp
{DB.execute} INSERT INTO LM_COURSE_PROGRESS (course_user_id,complete_date,last_time,status,complete_yn,study_time,course_id,lesson_id,reg_date,user_id,max_time) VALUES (?,?,?,?,?,?,?,?,?,?,?) => Unknown column 'course_id' in 'field list'
{course_user_id=310, complete_date=, last_time=127, status=1, complete_yn=N, study_time=30, course_id=12, lesson_id=41, reg_date=20220627154003, user_id=26, max_time=0} (Unknown column 'course_id' in 'field list')
[2022-06-27 15:40:33] at /classroom/progress.jsp
{DB.execute} INSERT INTO LM_COURSE_PROGRESS (course_user_id,complete_date,last_time,status,complete_yn,study_time,course_id,lesson_id,reg_date,user_id,max_time) VALUES (?,?,?,?,?,?,?,?,?,?,?) => Unknown column 'course_id' in 'field list'
{course_user_id=310, complete_date=, last_time=157, status=1, complete_yn=N, study_time=30, course_id=12, lesson_id=41, reg_date=20220627154033, user_id=26, max_time=0} (Unknown column 'course_id' in 'field list')
[2022-06-27 15:40:39] {Template.readFile} path:/home/otes/public_html/html/layout/left_banner.html
[2022-06-27 15:40:59] at /classroom/progress.jsp
{DB.execute} INSERT INTO LM_COURSE_PROGRESS (course_user_id,complete_date,last_time,status,complete_yn,study_time,course_id,lesson_id,reg_date,user_id,max_time) VALUES (?,?,?,?,?,?,?,?,?,?,?) => Unknown column 'course_id' in 'field list'
{course_user_id=310, complete_date=, last_time=183, status=1, complete_yn=N, study_time=25, course_id=12, lesson_id=41, reg_date=20220627154059, user_id=26, max_time=0} (Unknown column 'course_id' in 'field list')
[2022-06-27 15:41:00] at /classroom/progress.jsp
{DB.execute} INSERT INTO LM_COURSE_PROGRESS (course_user_id,complete_date,last_time,status,complete_yn,study_time,course_id,lesson_id,reg_date,user_id,max_time) VALUES (?,?,?,?,?,?,?,?,?,?,?) => Unknown column 'course_id' in 'field list'
{course_user_id=310, complete_date=, last_time=183, status=1, complete_yn=N, study_time=26, course_id=12, lesson_id=41, reg_date=20220627154100, user_id=26, max_time=0} (Unknown column 'course_id' in 'field list')
[2022-06-27 15:41:18] {Template.readFile} path:/home/otes/public_html/html/layout/left_banner.html
[2022-06-27 15:41:22] at /classroom/progress.jsp
{DB.execute} INSERT INTO LM_COURSE_PROGRESS (course_user_id,complete_date,last_time,status,complete_yn,study_time,course_id,lesson_id,reg_date,user_id,max_time) VALUES (?,?,?,?,?,?,?,?,?,?,?) => Unknown column 'course_id' in 'field list'
{course_user_id=357, complete_date=, last_time=30, status=1, complete_yn=N, study_time=30, course_id=26, lesson_id=77, reg_date=20220627154122, user_id=36, max_time=0} (Unknown column 'course_id' in 'field list')
[2022-06-27 15:41:35] at /classroom/progress.jsp
{DB.execute} INSERT INTO LM_COURSE_PROGRESS (course_user_id,complete_date,last_time,status,complete_yn,study_time,course_id,lesson_id,reg_date,user_id,max_time) VALUES (?,?,?,?,?,?,?,?,?,?,?) => Unknown column 'course_id' in 'field list'
{course_user_id=357, complete_date=, last_time=41, status=1, complete_yn=N, study_time=1, course_id=26, lesson_id=77, reg_date=20220627154135, user_id=36, max_time=0} (Unknown column 'course_id' in 'field list')
[2022-06-27 15:41:43] {Template.readFile} path:/home/otes/public_html/html/layout/left_banner.html
[2022-06-27 15:41:45] {Template.readFile} path:/home/otes/public_html/html/layout/left_banner.html
[2022-06-27 15:41:54] {Template.readFile} path:/home/otes/public_html/html/layout/left_banner.html
[2022-06-27 15:41:55] {Template.readFile} path:/home/otes/public_html/html/layout/left_banner.html
[2022-06-27 15:42:06] {Template.readFile} path:/home/otes/public_html/html/layout/left_banner.html
[2022-06-27 15:42:36] {Template.readFile} path:/home/otes/public_html/html/layout/left_banner.html
[2022-06-27 15:44:12] {Template.readFile} path:/home/otes/public_html/html/layout/left_banner.html
[2022-06-27 15:45:12] at /classroom/progress.jsp
{DB.execute} INSERT INTO LM_COURSE_PROGRESS (course_user_id,complete_date,last_time,status,complete_yn,study_time,course_id,lesson_id,reg_date,user_id,max_time) VALUES (?,?,?,?,?,?,?,?,?,?,?) => Unknown column 'course_id' in 'field list'
{course_user_id=310, complete_date=, last_time=30, status=1, complete_yn=N, study_time=30, course_id=12, lesson_id=102, reg_date=20220627154512, user_id=26, max_time=0} (Unknown column 'course_id' in 'field list')
[2022-06-27 15:45:42] at /classroom/progress.jsp
{DB.execute} INSERT INTO LM_COURSE_PROGRESS (course_user_id,complete_date,last_time,status,complete_yn,study_time,course_id,lesson_id,reg_date,user_id,max_time) VALUES (?,?,?,?,?,?,?,?,?,?,?) => Unknown column 'course_id' in 'field list'
{course_user_id=310, complete_date=, last_time=60, status=1, complete_yn=N, study_time=30, course_id=12, lesson_id=102, reg_date=20220627154542, user_id=26, max_time=0} (Unknown column 'course_id' in 'field list')
[2022-06-27 15:46:12] at /classroom/progress.jsp
{DB.execute} INSERT INTO LM_COURSE_PROGRESS (course_user_id,complete_date,last_time,status,complete_yn,study_time,course_id,lesson_id,reg_date,user_id,max_time) VALUES (?,?,?,?,?,?,?,?,?,?,?) => Unknown column 'course_id' in 'field list'
{course_user_id=310, complete_date=, last_time=90, status=1, complete_yn=N, study_time=30, course_id=12, lesson_id=102, reg_date=20220627154612, user_id=26, max_time=0} (Unknown column 'course_id' in 'field list')
[2022-06-27 15:46:46] {Template.readFile} path:/home/otes/public_html/html/layout/left_banner.html
[2022-06-27 15:50:31] {Template.readFile} path:/home/otes/public_html/html/layout/left_banner.html
[2022-06-27 15:50:45] {Template.readFile} path:/home/otes/public_html/html/layout/left_banner.html
[2022-06-27 15:50:50] at /mypage/courseuser_0insert.jsp
{Malgn.strToDate(1)} source: (source is blank or null)
[2022-06-27 15:50:50] at /mypage/courseuser_0insert.jsp
{Malgn.diffDate} type:D, sdate:, edate:20220627 (date is blank or null)
[2022-06-27 15:50:50] {Template.readFile} path:/home/otes/public_html/html/layout/left_banner.html
[2022-06-27 15:50:55] at /course/course_0view.jsp
{Malgn.strToDate(1)} source: (source is blank or null)
[2022-06-27 15:50:55] at /course/course_0view.jsp
{Malgn.diffDate} type:D, sdate:, edate:20220627 (date is blank or null)
[2022-06-27 15:50:55] at /course/course_0view.jsp
{Malgn.strToDate(1)} source: (source is blank or null)
[2022-06-27 15:50:55] at /course/course_0view.jsp
{Malgn.diffDate} type:D, sdate:, edate:20220627 (date is blank or null)
[2022-06-27 15:50:55] at /course/course_0view.jsp
{Malgn.strToDate(1)} source: (source is blank or null)
[2022-06-27 15:50:55] at /course/course_0view.jsp
{Malgn.diffDate} type:D, sdate:, edate:20220627 (date is blank or null)
[2022-06-27 15:50:55] at /classroom/progress.jsp
{DB.execute} INSERT INTO LM_COURSE_PROGRESS (status,max_time,last_time,study_time) VALUES (?,?,?,?) => Field 'COURSE_USER_ID' doesn't have a default value
{status=1, max_time=0, last_time=30, study_time=30} (Field 'COURSE_USER_ID' doesn't have a default value)
[2022-06-27 15:51:00] {Template.readFile} path:/home/otes/public_html/html/layout/left_banner.html
[2022-06-27 15:51:07] at /course/course_0view.jsp
{Malgn.strToDate(1)} source: (source is blank or null)
[2022-06-27 15:51:07] at /course/course_0view.jsp
{Malgn.diffDate} type:D, sdate:, edate:20220627 (date is blank or null)
[2022-06-27 15:51:07] at /course/course_0view.jsp
{Malgn.strToDate(1)} source: (source is blank or null)
[2022-06-27 15:51:07] at /course/course_0view.jsp
{Malgn.diffDate} type:D, sdate:, edate:20220627 (date is blank or null)
[2022-06-27 15:51:07] at /course/course_0view.jsp
{Malgn.strToDate(1)} source: (source is blank or null)
[2022-06-27 15:51:07] at /course/course_0view.jsp
{Malgn.diffDate} type:D, sdate:, edate:20220627 (date is blank or null)
[2022-06-27 15:52:16] at /course/course_0view.jsp
{Malgn.strToDate(1)} source: (source is blank or null)
[2022-06-27 15:52:16] at /course/course_0view.jsp
{Malgn.diffDate} type:D, sdate:, edate:20220627 (date is blank or null)
[2022-06-27 15:52:16] at /course/course_0view.jsp
{Malgn.strToDate(1)} source: (source is blank or null)
[2022-06-27 15:52:16] at /course/course_0view.jsp
{Malgn.diffDate} type:D, sdate:, edate:20220627 (date is blank or null)
[2022-06-27 15:52:16] at /course/course_0view.jsp
{Malgn.strToDate(1)} source: (source is blank or null)
[2022-06-27 15:52:16] at /course/course_0view.jsp
{Malgn.diffDate} type:D, sdate:, edate:20220627 (date is blank or null)
[2022-06-27 15:52:17] at /course/course_0view.jsp
{Malgn.strToDate(1)} source: (source is blank or null)
[2022-06-27 15:52:17] at /course/course_0view.jsp
{Malgn.diffDate} type:D, sdate:, edate:20220627 (date is blank or null)
[2022-06-27 15:52:17] at /course/course_0view.jsp
{Malgn.strToDate(1)} source: (source is blank or null)
[2022-06-27 15:52:17] at /course/course_0view.jsp
{Malgn.diffDate} type:D, sdate:, edate:20220627 (date is blank or null)
[2022-06-27 15:52:17] at /course/course_0view.jsp
{Malgn.strToDate(1)} source: (source is blank or null)
[2022-06-27 15:52:17] at /course/course_0view.jsp
{Malgn.diffDate} type:D, sdate:, edate:20220627 (date is blank or null)
[2022-06-27 15:53:09] {Template.readFile} path:/home/otes/public_html/html/layout/left_banner.html
[2022-06-27 15:55:42] at /course/course_0view.jsp
{Malgn.strToDate(1)} source: (source is blank or null)
[2022-06-27 15:55:42] at /course/course_0view.jsp
{Malgn.diffDate} type:D, sdate:, edate:20220627 (date is blank or null)
[2022-06-27 15:55:42] at /course/course_0view.jsp
{Malgn.strToDate(1)} source: (source is blank or null)
[2022-06-27 15:55:42] at /course/course_0view.jsp
{Malgn.diffDate} type:D, sdate:, edate:20220627 (date is blank or null)
[2022-06-27 15:55:42] at /course/course_0view.jsp
{Malgn.strToDate(1)} source: (source is blank or null)
[2022-06-27 15:55:42] at /course/course_0view.jsp
{Malgn.diffDate} type:D, sdate:, edate:20220627 (date is blank or null)
[2022-06-27 15:56:41] {Template.readFile} path:/home/otes/public_html/html/layout/left_banner.html
[2022-06-27 16:03:10] {Template.readFile} path:/home/otes/public_html/html/layout/left_banner.html
[2022-06-27 17:23:42] {Template.readFile} path:/home/otes/public_html/html/layout/left_banner.html
[2022-06-27 17:27:02] {Template.readFile} path:/home/otes/public_html/html/layout/left_banner.html
[2022-06-27 17:37:05] {Template.readFile} path:/home/otes/public_html/html/layout/left_banner.html
[2022-06-27 17:49:22] at /mypage/courseuser_0insert.jsp
{Malgn.strToDate(1)} source: (source is blank or null)
[2022-06-27 17:49:22] at /mypage/courseuser_0insert.jsp
{Malgn.diffDate} type:D, sdate:, edate:20220627 (date is blank or null)
[2022-06-27 17:49:28] at /mypage/courseuser_0insert.jsp
{Malgn.strToDate(1)} source: (source is blank or null)
[2022-06-27 17:49:28] at /mypage/courseuser_0insert.jsp
{Malgn.diffDate} type:D, sdate:, edate:20220627 (date is blank or null)
[2022-06-27 17:49:38] at /mypage/courseuser_0insert.jsp
{Malgn.strToDate(1)} source: (source is blank or null)
[2022-06-27 17:49:38] at /mypage/courseuser_0insert.jsp
{Malgn.diffDate} type:D, sdate:, edate:20220627 (date is blank or null)
[2022-06-27 18:19:11] {Template.readFile} path:/home/otes/public_html/html/layout/left_banner.html
[2022-06-27 18:20:14] at /mypage/courseuser_0insert.jsp
{Malgn.strToDate(1)} source: (source is blank or null)
[2022-06-27 18:20:14] at /mypage/courseuser_0insert.jsp
{Malgn.diffDate} type:D, sdate:, edate:20220627 (date is blank or null)
[2022-06-27 18:20:17] {Template.readFile} path:/home/otes/public_html/html/layout/left_banner.html
[2022-06-27 18:20:22] at /mypage/courseuser_0insert.jsp
{Malgn.strToDate(1)} source: (source is blank or null)
[2022-06-27 18:20:22] at /mypage/courseuser_0insert.jsp
{Malgn.diffDate} type:D, sdate:, edate:20220627 (date is blank or null)
[2022-06-27 18:21:02] {Template.readFile} path:/home/otes/public_html/html/layout/left_banner.html
[2022-06-27 18:21:08] at /mypage/courseuser_0insert.jsp
{Malgn.strToDate(1)} source: (source is blank or null)
[2022-06-27 18:21:08] at /mypage/courseuser_0insert.jsp
{Malgn.diffDate} type:D, sdate:, edate:20220627 (date is blank or null)
[2022-06-27 18:21:18] {Template.readFile} path:/home/otes/public_html/html/layout/left_banner.html
[2022-06-27 18:21:58] at /mypage/courseuser_0insert.jsp
{Malgn.strToDate(1)} source: (source is blank or null)
[2022-06-27 18:21:58] at /mypage/courseuser_0insert.jsp
{Malgn.diffDate} type:D, sdate:, edate:20220627 (date is blank or null)
[2022-06-27 18:22:17] {Template.readFile} path:/home/otes/public_html/html/layout/left_banner.html
[2022-06-27 18:22:41] at /mypage/courseuser_0insert.jsp
{Malgn.strToDate(1)} source: (source is blank or null)
[2022-06-27 18:22:41] at /mypage/courseuser_0insert.jsp
{Malgn.diffDate} type:D, sdate:, edate:20220627 (date is blank or null)
[2022-06-27 18:23:03] at /mypage/courseuser_0insert.jsp
{Malgn.strToDate(1)} source: (source is blank or null)
[2022-06-27 18:23:03] at /mypage/courseuser_0insert.jsp
{Malgn.diffDate} type:D, sdate:, edate:20220627 (date is blank or null)
[2022-06-27 18:23:06] {Template.readFile} path:/home/otes/public_html/html/layout/left_banner.html
[2022-06-27 18:23:52] at /mypage/courseuser_0insert.jsp
{Malgn.strToDate(1)} source: (source is blank or null)
[2022-06-27 18:23:52] at /mypage/courseuser_0insert.jsp
{Malgn.diffDate} type:D, sdate:, edate:20220627 (date is blank or null)
[2022-06-27 18:23:55] {Template.readFile} path:/home/otes/public_html/html/layout/left_banner.html
[2022-06-27 18:24:26] at /mypage/courseuser_0insert.jsp
{Malgn.strToDate(1)} source: (source is blank or null)
[2022-06-27 18:24:26] at /mypage/courseuser_0insert.jsp
{Malgn.diffDate} type:D, sdate:, edate:20220627 (date is blank or null)
[2022-06-27 18:24:31] at /mypage/courseuser_0insert.jsp
{Malgn.strToDate(1)} source: (source is blank or null)
[2022-06-27 18:24:31] at /mypage/courseuser_0insert.jsp
{Malgn.diffDate} type:D, sdate:, edate:20220627 (date is blank or null)
[2022-06-27 18:25:32] at /mypage/courseuser_0insert.jsp
{Malgn.strToDate(1)} source: (source is blank or null)
[2022-06-27 18:25:32] at /mypage/courseuser_0insert.jsp
{Malgn.diffDate} type:D, sdate:, edate:20220627 (date is blank or null)
[2022-06-27 18:30:23] at /mypage/courseuser_0insert.jsp
{Malgn.strToDate(1)} source: (source is blank or null)
[2022-06-27 18:30:23] at /mypage/courseuser_0insert.jsp
{Malgn.diffDate} type:D, sdate:, edate:20220627 (date is blank or null)
[2022-06-27 18:35:56] at /mypage/courseuser_0insert.jsp
{Malgn.strToDate(1)} source: (source is blank or null)
[2022-06-27 18:35:56] at /mypage/courseuser_0insert.jsp
{Malgn.diffDate} type:D, sdate:, edate:20220627 (date is blank or null)
[2022-06-27 18:36:01] at /mypage/courseuser_0insert.jsp
{Malgn.strToDate(1)} source: (source is blank or null)
[2022-06-27 18:36:01] at /mypage/courseuser_0insert.jsp
{Malgn.diffDate} type:D, sdate:, edate:20220627 (date is blank or null)
[2022-06-27 18:36:15] at /mypage/courseuser_0insert.jsp
{Malgn.strToDate(1)} source: (source is blank or null)
[2022-06-27 18:36:15] at /mypage/courseuser_0insert.jsp
{Malgn.diffDate} type:D, sdate:, edate:20220627 (date is blank or null)
[2022-06-27 18:36:15] {Template.readFile} path:/home/otes/public_html/html/layout/left_banner.html
[2022-06-27 18:38:12] at /mypage/courseuser_0insert.jsp
{Malgn.strToDate(1)} source: (source is blank or null)
[2022-06-27 18:38:12] at /mypage/courseuser_0insert.jsp
{Malgn.diffDate} type:D, sdate:, edate:20220627 (date is blank or null)
[2022-06-27 18:38:12] {Template.readFile} path:/home/otes/public_html/html/layout/left_banner.html
