[2022-06-24 08:15:36] {Template.readFile} path:/home/otes/public_html/html/layout/left_banner.html
[2022-06-24 08:16:12] {Template.readFile} path:/home/otes/public_html/html/layout/left_banner.html
[2022-06-24 08:18:15] {Template.readFile} path:/home/otes/public_html/html/layout/left_banner.html
[2022-06-24 08:18:19] {Template.readFile} path:/home/otes/public_html/html/layout/left_banner.html
[2022-06-24 08:18:25] {Template.readFile} path:/home/otes/public_html/html/layout/left_banner.html
[2022-06-24 08:18:28] {Template.readFile} path:/home/otes/public_html/html/layout/left_banner.html
[2022-06-24 08:18:32] {Template.readFile} path:/home/otes/public_html/html/layout/left_banner.html
[2022-06-24 08:19:01] at /mypage/courseuser_0insert.jsp
{Malgn.strToDate(1)} source: (source is blank or null)
[2022-06-24 08:19:01] at /mypage/courseuser_0insert.jsp
{Malgn.diffDate} type:D, sdate:, edate:20220624 (date is blank or null)
[2022-06-24 08:19:01] {Template.readFile} path:/home/otes/public_html/html/layout/left_banner.html
[2022-06-24 08:19:16] {Template.readFile} path:/home/otes/public_html/html/layout/left_banner.html
[2022-06-24 08:19:19] {Template.readFile} path:/home/otes/public_html/html/layout/left_banner.html
[2022-06-24 08:26:33] at /sysop/main/logout.jsp
{DB.execute} INSERT INTO TB_USER_LOGIN (login_type,user_id,device,log_date,ip_addr,reg_date) VALUES (?,?,?,?,?,?) => Field 'USER_TYPE' doesn't have a default value
{login_type=O, user_id=26, device=PC, log_date=20220624, ip_addr=125.129.123.211, reg_date=20220624082633} (Field 'USER_TYPE' doesn't have a default value)
[2022-06-24 08:27:18] at /sysop/main/logout.jsp
{DB.execute} INSERT INTO TB_USER_LOGIN (login_type,user_id,device,log_date,ip_addr,reg_date) VALUES (?,?,?,?,?,?) => Field 'USER_TYPE' doesn't have a default value
{login_type=O, user_id=26, device=PC, log_date=20220624, ip_addr=125.129.123.211, reg_date=20220624082718} (Field 'USER_TYPE' doesn't have a default value)
[2022-06-24 08:44:09] at /sysop/course/course_0delete.jsp
{DB.query} SELECT  COUNT(*) AS count  FROM LM_LESSON WHERE course_id = 32 AND status ! = -1 => You have an error in your SQL syntax; check the manual that corresponds to your MySQL server version for the right syntax to use near '! = -1' at line 1 (You have an error in your SQL syntax; check the manual that corresponds to your MySQL server version for the right syntax to use near '! = -1' at line 1)
[2022-06-24 10:34:04] {Template.readFile} path:/home/otes/public_html/html/layout/left_banner.html
[2022-06-24 10:56:52] at /sysop/complete/certificate.jsp
{Malgn.strToDate(1)} source:202265624 (Unparseable date: "202265624")
[2022-06-24 10:56:52] at /sysop/complete/certificate.jsp
{Malgn.getTimeString(2)} sformat:yyyy년 MM월 dd일, date:202265624 (date is null)
[2022-06-24 12:59:42] at /sysop/course/user_0list.jsp
{DB.query} SELECT * FROM LM_COURSE WHERE id =  AND status != -1 => You have an error in your SQL syntax; check the manual that corresponds to your MySQL server version for the right syntax to use near 'AND status != -1' at line 1 (You have an error in your SQL syntax; check the manual that corresponds to your MySQL server version for the right syntax to use near 'AND status != -1' at line 1)
[2022-06-24 14:11:14] {Template.readFile} path:/home/otes/public_html/html/layout/left_banner.html
[2022-06-24 14:11:15] {Template.readFile} path:/home/otes/public_html/html/layout/left_banner.html
[2022-06-24 14:11:25] {Template.readFile} path:/home/otes/public_html/html/layout/left_banner.html
[2022-06-24 14:11:25] {Template.readFile} path:/home/otes/public_html/html/layout/left_banner.html
[2022-06-24 14:11:28] {Template.readFile} path:/home/otes/public_html/html/layout/left_banner.html
[2022-06-24 14:11:36] {Template.readFile} path:/home/otes/public_html/html/layout/left_banner.html
[2022-06-24 14:11:40] {Template.readFile} path:/home/otes/public_html/html/layout/left_banner.html
[2022-06-24 14:11:49] {Template.readFile} path:/home/otes/public_html/html/layout/left_banner.html
[2022-06-24 14:11:50] {Template.readFile} path:/home/otes/public_html/html/layout/left_banner.html
[2022-06-24 14:12:02] {Template.readFile} path:/home/otes/public_html/html/layout/left_banner.html
[2022-06-24 14:12:07] {Template.readFile} path:/home/otes/public_html/html/layout/left_banner.html
[2022-06-24 14:12:08] {Template.readFile} path:/home/otes/public_html/html/layout/left_banner.html
[2022-06-24 14:12:08] {Template.readFile} path:/home/otes/public_html/html/layout/left_banner.html
[2022-06-24 14:12:08] {Template.readFile} path:/home/otes/public_html/html/layout/left_banner.html
[2022-06-24 14:12:08] {Template.readFile} path:/home/otes/public_html/html/layout/left_banner.html
[2022-06-24 14:12:20] at /mypage/courseuser_0insert.jsp
{Malgn.strToDate(1)} source: (source is blank or null)
[2022-06-24 14:12:20] at /mypage/courseuser_0insert.jsp
{Malgn.diffDate} type:D, sdate:, edate:20220624 (date is blank or null)
[2022-06-24 14:12:20] {Template.readFile} path:/home/otes/public_html/html/layout/left_banner.html
[2022-06-24 14:12:37] {Template.readFile} path:/home/otes/public_html/html/layout/left_banner.html
[2022-06-24 14:12:37] {Template.readFile} path:/home/otes/public_html/html/layout/left_banner.html
[2022-06-24 14:12:37] {Template.readFile} path:/home/otes/public_html/html/layout/left_banner.html
[2022-06-24 14:13:54] {Template.readFile} path:/home/otes/public_html/html/layout/left_banner.html
[2022-06-24 14:13:56] {Template.readFile} path:/home/otes/public_html/html/layout/left_banner.html
[2022-06-24 14:13:58] {Template.readFile} path:/home/otes/public_html/html/layout/left_banner.html
[2022-06-24 14:14:21] {Template.readFile} path:/home/otes/public_html/html/layout/left_banner.html
[2022-06-24 14:14:21] {Template.readFile} path:/home/otes/public_html/html/layout/left_banner.html
[2022-06-24 14:14:22] {Template.readFile} path:/home/otes/public_html/html/layout/left_banner.html
[2022-06-24 14:14:41] {Template.readFile} path:/home/otes/public_html/html/layout/left_banner.html
[2022-06-24 14:15:58] {Template.readFile} path:/home/otes/public_html/html/layout/left_banner.html
[2022-06-24 14:16:12] {Template.readFile} path:/home/otes/public_html/html/layout/left_banner.html
[2022-06-24 14:19:20] {Template.readFile} path:/home/otes/public_html/html/layout/left_banner.html
[2022-06-24 14:19:43] {Template.readFile} path:/home/otes/public_html/html/layout/left_banner.html
[2022-06-24 14:19:44] {Template.readFile} path:/home/otes/public_html/html/layout/left_banner.html
[2022-06-24 14:19:44] {Template.readFile} path:/home/otes/public_html/html/layout/left_banner.html
[2022-06-24 14:36:21] {Template.readFile} path:/home/otes/public_html/html/layout/left_banner.html
[2022-06-24 14:36:27] {Template.readFile} path:/home/otes/public_html/html/layout/left_banner.html
[2022-06-24 14:36:28] {Template.readFile} path:/home/otes/public_html/html/layout/left_banner.html
[2022-06-24 14:36:36] at /mypage/courseuser_0insert.jsp
{Malgn.strToDate(1)} source: (source is blank or null)
[2022-06-24 14:36:36] at /mypage/courseuser_0insert.jsp
{Malgn.diffDate} type:D, sdate:, edate:20220624 (date is blank or null)
[2022-06-24 14:36:36] {Template.readFile} path:/home/otes/public_html/html/layout/left_banner.html
[2022-06-24 14:37:26] {Template.readFile} path:/home/otes/public_html/html/layout/left_banner.html
[2022-06-24 14:37:28] {Template.readFile} path:/home/otes/public_html/html/layout/left_banner.html
[2022-06-24 14:37:29] {Template.readFile} path:/home/otes/public_html/html/layout/left_banner.html
[2022-06-24 14:40:45] {Template.readFile} path:/home/otes/public_html/html/layout/left_banner.html
[2022-06-24 15:38:31] {Template.readFile} path:/home/otes/public_html/html/layout/left_banner.html
[2022-06-24 16:18:14] {Template.readFile} path:/home/otes/public_html/html/layout/layout_blank.html
[2022-06-24 16:28:14] {Template.readFile} path:/home/otes/public_html/html/layout/layout_blank.html
[2022-06-24 16:38:49] {Template.readFile} path:/home/otes/public_html/html/layout/left_banner.html
[2022-06-24 16:38:52] {Template.readFile} path:/home/otes/public_html/html/layout/left_banner.html
[2022-06-24 16:38:52] {Template.readFile} path:/home/otes/public_html/html/layout/left_banner.html
[2022-06-24 16:42:35] at /sysop/course/user_0list.jsp
{DB.query} SELECT * FROM LM_COURSE WHERE id =  AND status != -1 => You have an error in your SQL syntax; check the manual that corresponds to your MySQL server version for the right syntax to use near 'AND status != -1' at line 1 (You have an error in your SQL syntax; check the manual that corresponds to your MySQL server version for the right syntax to use near 'AND status != -1' at line 1)
[2022-06-24 16:44:30] {Template.readFile} path:/home/otes/public_html/html/layout/left_banner.html
[2022-06-24 17:01:14] {Template.readFile} path:/home/otes/public_html/html/layout/left_banner.html
[2022-06-24 17:12:18] at /sysop/course/course_0delete.jsp
{DB.query} SELECT  COUNT(*) AS count  FROM LM_LESSON WHERE course_id = 38 AND status ! = -1 => You have an error in your SQL syntax; check the manual that corresponds to your MySQL server version for the right syntax to use near '! = -1' at line 1 (You have an error in your SQL syntax; check the manual that corresponds to your MySQL server version for the right syntax to use near '! = -1' at line 1)
[2022-06-24 17:12:21] at /sysop/course/course_0delete.jsp
{DB.query} SELECT  COUNT(*) AS count  FROM LM_LESSON WHERE course_id = 36 AND status ! = -1 => You have an error in your SQL syntax; check the manual that corresponds to your MySQL server version for the right syntax to use near '! = -1' at line 1 (You have an error in your SQL syntax; check the manual that corresponds to your MySQL server version for the right syntax to use near '! = -1' at line 1)
[2022-06-24 17:50:41] {Template.readFile} path:/home/otes/public_html/html/layout/left_banner.html
[2022-06-24 17:50:43] {Template.readFile} path:/home/otes/public_html/html/layout/left_banner.html
[2022-06-24 17:50:43] {Template.readFile} path:/home/otes/public_html/html/layout/left_banner.html
