[2022-06-29 08:51:38] {Template.readFile} path:/home/otes/public_html/html/layout/left_banner.html
[2022-06-29 08:51:40] {Template.readFile} path:/home/otes/public_html/html/layout/left_banner.html
[2022-06-29 08:51:44] {Template.readFile} path:/home/otes/public_html/html/layout/left_banner.html
[2022-06-29 08:51:49] {Template.readFile} path:/home/otes/public_html/html/layout/left_banner.html
[2022-06-29 09:06:56] at /sysop/course/user_0add.jsp
{DB.query} SELECT COUNT(*) count FROM (SELECT count(*) AS count FROM TB_USER a  LEFT JOIN LM_COURSE_USER cu ON a.id = cu.user_id  WHERE a.status = 1 AND cu.course_id != courseId GROUP BY a.id) ZA => Unknown column 'courseId' in 'where clause' (Unknown column 'courseId' in 'where clause')
[2022-06-29 09:06:56] at /sysop/course/user_0add.jsp
{DB.query} SELECT a.* FROM TB_USER a  LEFT JOIN LM_COURSE_USER cu ON a.id = cu.user_id  WHERE a.status = 1 AND cu.course_id != courseId GROUP BY a.id ORDER BY a.user_nm asc LIMIT 0, 20 => Unknown column 'courseId' in 'where clause' (Unknown column 'courseId' in 'where clause')
[2022-06-29 09:07:02] at /sysop/course/user_0add.jsp
{DB.query} SELECT COUNT(*) count FROM (SELECT count(*) AS count FROM TB_USER a  LEFT JOIN LM_COURSE_USER cu ON a.id = cu.user_id  WHERE a.status = 1 AND cu.course_id != courseId GROUP BY a.id) ZA => Unknown column 'courseId' in 'where clause' (Unknown column 'courseId' in 'where clause')
[2022-06-29 09:07:02] at /sysop/course/user_0add.jsp
{DB.query} SELECT a.* FROM TB_USER a  LEFT JOIN LM_COURSE_USER cu ON a.id = cu.user_id  WHERE a.status = 1 AND cu.course_id != courseId GROUP BY a.id ORDER BY a.user_nm asc LIMIT 0, 20 => Unknown column 'courseId' in 'where clause' (Unknown column 'courseId' in 'where clause')
[2022-06-29 09:12:39] {Template.readFile} path:/home/otes/public_html/html/layout/left_banner.html
[2022-06-29 09:12:43] {Template.readFile} path:/home/otes/public_html/html/layout/left_banner.html
[2022-06-29 09:12:43] {Template.readFile} path:/home/otes/public_html/html/layout/left_banner.html
[2022-06-29 09:12:46] {Template.readFile} path:/home/otes/public_html/html/layout/left_banner.html
[2022-06-29 09:12:51] {Template.readFile} path:/home/otes/public_html/html/layout/left_banner.html
[2022-06-29 09:14:30] at /mypage/courseuser_0insert.jsp
{Malgn.strToDate(1)} source: (source is blank or null)
[2022-06-29 09:14:30] at /mypage/courseuser_0insert.jsp
{Malgn.diffDate} type:D, sdate:, edate:20220629 (date is blank or null)
[2022-06-29 09:14:30] {Template.readFile} path:/home/otes/public_html/html/layout/left_banner.html
[2022-06-29 09:14:37] {Template.readFile} path:/home/otes/public_html/html/layout/left_banner.html
[2022-06-29 09:14:58] at /mypage/courseuser_0insert.jsp
{Malgn.strToDate(1)} source: (source is blank or null)
[2022-06-29 09:14:58] at /mypage/courseuser_0insert.jsp
{Malgn.diffDate} type:D, sdate:, edate:20220629 (date is blank or null)
[2022-06-29 09:14:58] {Template.readFile} path:/home/otes/public_html/html/layout/left_banner.html
[2022-06-29 09:16:06] {Template.readFile} path:/home/otes/public_html/html/layout/left_banner.html
[2022-06-29 09:16:09] {Template.readFile} path:/home/otes/public_html/html/layout/left_banner.html
[2022-06-29 09:16:16] {Template.readFile} path:/home/otes/public_html/html/layout/left_banner.html
[2022-06-29 09:16:17] {Template.readFile} path:/home/otes/public_html/html/layout/left_banner.html
[2022-06-29 09:16:18] {Template.readFile} path:/home/otes/public_html/html/layout/left_banner.html
[2022-06-29 09:16:33] {Template.readFile} path:/home/otes/public_html/html/layout/left_banner.html
[2022-06-29 09:16:35] {Template.readFile} path:/home/otes/public_html/html/layout/left_banner.html
[2022-06-29 09:16:37] {Template.readFile} path:/home/otes/public_html/html/layout/left_banner.html
[2022-06-29 09:16:39] {Template.readFile} path:/home/otes/public_html/html/layout/left_banner.html
[2022-06-29 09:16:40] {Template.readFile} path:/home/otes/public_html/html/layout/left_banner.html
[2022-06-29 09:16:40] {Template.readFile} path:/home/otes/public_html/html/layout/left_banner.html
[2022-06-29 09:16:49] {Template.readFile} path:/home/otes/public_html/html/layout/left_banner.html
[2022-06-29 09:16:57] {Template.readFile} path:/home/otes/public_html/html/layout/left_banner.html
[2022-06-29 09:17:03] {Template.readFile} path:/home/otes/public_html/html/layout/left_banner.html
[2022-06-29 09:17:05] {Template.readFile} path:/home/otes/public_html/html/layout/left_banner.html
[2022-06-29 09:17:06] {Template.readFile} path:/home/otes/public_html/html/layout/left_banner.html
[2022-06-29 09:17:10] {Template.readFile} path:/home/otes/public_html/html/layout/left_banner.html
[2022-06-29 09:17:30] {Template.readFile} path:/home/otes/public_html/html/layout/left_banner.html
[2022-06-29 09:19:48] at /mypage/courseuser_0insert.jsp
{Malgn.strToDate(1)} source: (source is blank or null)
[2022-06-29 09:19:48] at /mypage/courseuser_0insert.jsp
{Malgn.diffDate} type:D, sdate:, edate:20220629 (date is blank or null)
[2022-06-29 09:19:48] {Template.readFile} path:/home/otes/public_html/html/layout/left_banner.html
[2022-06-29 09:20:06] {Template.readFile} path:/home/otes/public_html/html/layout/left_banner.html
[2022-06-29 09:20:23] {Template.readFile} path:/home/otes/public_html/html/layout/left_banner.html
[2022-06-29 09:26:51] {Template.readFile} path:/home/otes/public_html/html/layout/left_banner.html
[2022-06-29 09:46:16] {Template.readFile} path:/home/otes/public_html/html/layout/left_banner.html
[2022-06-29 09:46:30] {Template.readFile} path:/home/otes/public_html/html/layout/left_banner.html
[2022-06-29 09:46:54] {Template.readFile} path:/home/otes/public_html/html/layout/left_banner.html
[2022-06-29 09:46:56] {Template.readFile} path:/home/otes/public_html/html/layout/left_banner.html
[2022-06-29 09:48:34] at /sysop/course/user_0list.jsp
{DB.query} SELECT count(*) AS count FROM LM_COURSE_USER a  INNER JOIN TB_USER u ON a.user_id = u.id  AND u.status != -1  INNER JOIN LM_COURSE c ON a.course_id = c.id  WHERE a.status != -1 AND a.course_id = ? AND a.course_id IN 44 AND a.id LIKE ? => You have an error in your SQL syntax; check the manual that corresponds to your MySQL server version for the right syntax to use near '44 AND a.id LIKE '%1%'' at line 1
[Ljava.lang.Object;@33bf4f6b (You have an error in your SQL syntax; check the manual that corresponds to your MySQL server version for the right syntax to use near '44 AND a.id LIKE '%1%'' at line 1)
[2022-06-29 09:48:34] at /sysop/course/user_0list.jsp
{DB.query} SELECT a.*, u.user_nm, u.login_id, c.course_nm FROM LM_COURSE_USER a  INNER JOIN TB_USER u ON a.user_id = u.id  AND u.status != -1  INNER JOIN LM_COURSE c ON a.course_id = c.id  WHERE a.status != -1 AND a.course_id = ? AND a.course_id IN 44 AND a.id LIKE ? ORDER BY a.id desc LIMIT 0, 20 => You have an error in your SQL syntax; check the manual that corresponds to your MySQL server version for the right syntax to use near '44 AND a.id LIKE '%1%' ORDER BY a.id desc LIMIT 0, 20' at line 1
[Ljava.lang.Object;@71555f7e (You have an error in your SQL syntax; check the manual that corresponds to your MySQL server version for the right syntax to use near '44 AND a.id LIKE '%1%' ORDER BY a.id desc LIMIT 0, 20' at line 1)
[2022-06-29 10:02:10] {Template.readFile} path:/home/otes/public_html/html/layout/left_banner.html
[2022-06-29 10:02:11] {Template.readFile} path:/home/otes/public_html/html/layout/left_banner.html
[2022-06-29 10:02:11] {Template.readFile} path:/home/otes/public_html/html/layout/left_banner.html
[2022-06-29 10:02:14] {Template.readFile} path:/home/otes/public_html/html/layout/left_banner.html
[2022-06-29 10:02:26] {Template.readFile} path:/home/otes/public_html/html/layout/left_banner.html
[2022-06-29 10:02:29] {Template.readFile} path:/home/otes/public_html/html/layout/left_banner.html
[2022-06-29 10:02:30] {Template.readFile} path:/home/otes/public_html/html/layout/left_banner.html
[2022-06-29 10:02:32] {Template.readFile} path:/home/otes/public_html/html/layout/left_banner.html
[2022-06-29 10:02:35] {Template.readFile} path:/home/otes/public_html/html/layout/left_banner.html
[2022-06-29 10:02:35] {Template.readFile} path:/home/otes/public_html/html/layout/left_banner.html
[2022-06-29 10:02:36] {Template.readFile} path:/home/otes/public_html/html/layout/left_banner.html
[2022-06-29 10:02:39] {Template.readFile} path:/home/otes/public_html/html/layout/left_banner.html
[2022-06-29 10:02:40] {Template.readFile} path:/home/otes/public_html/html/layout/left_banner.html
[2022-06-29 10:02:43] {Template.readFile} path:/home/otes/public_html/html/layout/left_banner.html
[2022-06-29 10:08:26] {Template.readFile} path:/home/otes/public_html/html/layout/left_banner.html
[2022-06-29 10:08:29] {Template.readFile} path:/home/otes/public_html/html/layout/left_banner.html
[2022-06-29 10:08:31] {Template.readFile} path:/home/otes/public_html/html/layout/left_banner.html
[2022-06-29 10:08:35] {Template.readFile} path:/home/otes/public_html/html/layout/left_banner.html
[2022-06-29 10:08:35] {Template.readFile} path:/home/otes/public_html/html/layout/left_banner.html
[2022-06-29 10:08:36] {Template.readFile} path:/home/otes/public_html/html/layout/left_banner.html
[2022-06-29 10:08:36] {Template.readFile} path:/home/otes/public_html/html/layout/left_banner.html
[2022-06-29 10:15:20] {Template.readFile} path:/home/otes/public_html/html/layout/left_banner.html
[2022-06-29 10:15:20] {Template.readFile} path:/home/otes/public_html/html/layout/left_banner.html
[2022-06-29 10:15:31] {Template.readFile} path:/home/otes/public_html/html/layout/left_banner.html
[2022-06-29 10:15:44] {Template.readFile} path:/home/otes/public_html/html/layout/left_banner.html
[2022-06-29 10:15:56] {Template.readFile} path:/home/otes/public_html/html/layout/left_banner.html
[2022-06-29 10:15:57] {Template.readFile} path:/home/otes/public_html/html/layout/left_banner.html
[2022-06-29 10:15:57] {Template.readFile} path:/home/otes/public_html/html/layout/left_banner.html
[2022-06-29 10:15:57] {Template.readFile} path:/home/otes/public_html/html/layout/left_banner.html
[2022-06-29 10:15:57] {Template.readFile} path:/home/otes/public_html/html/layout/left_banner.html
[2022-06-29 10:15:57] {Template.readFile} path:/home/otes/public_html/html/layout/left_banner.html
[2022-06-29 10:15:58] {Template.readFile} path:/home/otes/public_html/html/layout/left_banner.html
[2022-06-29 10:16:12] {Template.readFile} path:/home/otes/public_html/html/layout/left_banner.html
[2022-06-29 10:16:19] {Template.readFile} path:/home/otes/public_html/html/layout/left_banner.html
[2022-06-29 10:16:27] {Template.readFile} path:/home/otes/public_html/html/layout/left_banner.html
[2022-06-29 10:17:43] {Template.readFile} path:/home/otes/public_html/html/layout/left_banner.html
[2022-06-29 10:17:48] {Template.readFile} path:/home/otes/public_html/html/layout/left_banner.html
[2022-06-29 10:19:34] {Template.readFile} path:/home/otes/public_html/html/layout/left_banner.html
[2022-06-29 10:19:38] {Template.readFile} path:/home/otes/public_html/html/layout/left_banner.html
[2022-06-29 10:19:43] {Template.readFile} path:/home/otes/public_html/html/layout/left_banner.html
[2022-06-29 10:19:56] {Template.readFile} path:/home/otes/public_html/html/layout/left_banner.html
[2022-06-29 10:22:03] {Template.readFile} path:/home/otes/public_html/html/layout/left_banner.html
[2022-06-29 10:23:03] at /sysop/course/user_0add.jsp
{DB.query} SELECT count(*) AS count FROM TB_USER a  WHERE a.status = 1 AND a.user_id NOT IN (, 43, 26, 72, 69, 25, 76, 75, 79, 70, 60, 106 )  => You have an error in your SQL syntax; check the manual that corresponds to your MySQL server version for the right syntax to use near ' 43, 26, 72, 69, 25, 76, 75, 79, 70, 60, 106 )' at line 1 (You have an error in your SQL syntax; check the manual that corresponds to your MySQL server version for the right syntax to use near ' 43, 26, 72, 69, 25, 76, 75, 79, 70, 60, 106 )' at line 1)
[2022-06-29 10:23:03] at /sysop/course/user_0add.jsp
{DB.query} SELECT a.* FROM TB_USER a  WHERE a.status = 1 AND a.user_id NOT IN (, 43, 26, 72, 69, 25, 76, 75, 79, 70, 60, 106 )  ORDER BY a.user_nm asc LIMIT 0, 20 => You have an error in your SQL syntax; check the manual that corresponds to your MySQL server version for the right syntax to use near ' 43, 26, 72, 69, 25, 76, 75, 79, 70, 60, 106 )  ORDER BY a.user_nm asc LIMIT 0, ' at line 1 (You have an error in your SQL syntax; check the manual that corresponds to your MySQL server version for the right syntax to use near ' 43, 26, 72, 69, 25, 76, 75, 79, 70, 60, 106 )  ORDER BY a.user_nm asc LIMIT 0, ' at line 1)
[2022-06-29 10:24:00] at /sysop/course/user_0add.jsp
{DB.query} SELECT count(*) AS count FROM TB_USER a  WHERE a.status = 1 AND a.user_id NOT IN (43, 26, 72, 69, 25, 76, 75, 79, 70, 60, 106 )  => Unknown column 'a.user_id' in 'where clause' (Unknown column 'a.user_id' in 'where clause')
[2022-06-29 10:24:00] at /sysop/course/user_0add.jsp
{DB.query} SELECT a.* FROM TB_USER a  WHERE a.status = 1 AND a.user_id NOT IN (43, 26, 72, 69, 25, 76, 75, 79, 70, 60, 106 )  ORDER BY a.user_nm asc LIMIT 0, 20 => Unknown column 'a.user_id' in 'where clause' (Unknown column 'a.user_id' in 'where clause')
[2022-06-29 10:24:06] at /sysop/course/user_0add.jsp
{DB.query} SELECT count(*) AS count FROM TB_USER a  WHERE a.status = 1 AND a.user_id NOT IN (43, 26, 72, 69, 25, 76, 75, 79, 70, 60, 106 )  => Unknown column 'a.user_id' in 'where clause' (Unknown column 'a.user_id' in 'where clause')
[2022-06-29 10:24:06] at /sysop/course/user_0add.jsp
{DB.query} SELECT a.* FROM TB_USER a  WHERE a.status = 1 AND a.user_id NOT IN (43, 26, 72, 69, 25, 76, 75, 79, 70, 60, 106 )  ORDER BY a.user_nm asc LIMIT 0, 20 => Unknown column 'a.user_id' in 'where clause' (Unknown column 'a.user_id' in 'where clause')
[2022-06-29 10:24:26] at /sysop/course/user_0add.jsp
{DB.query} SELECT count(*) AS count FROM TB_USER a  WHERE a.status = 1 AND a.user_id NOT IN (43, 26, 72, 69, 25, 76, 75, 79, 70, 60, 106)  => Unknown column 'a.user_id' in 'where clause' (Unknown column 'a.user_id' in 'where clause')
[2022-06-29 10:24:26] at /sysop/course/user_0add.jsp
{DB.query} SELECT a.* FROM TB_USER a  WHERE a.status = 1 AND a.user_id NOT IN (43, 26, 72, 69, 25, 76, 75, 79, 70, 60, 106)  ORDER BY a.user_nm asc LIMIT 0, 20 => Unknown column 'a.user_id' in 'where clause' (Unknown column 'a.user_id' in 'where clause')
[2022-06-29 10:24:37] at /sysop/course/user_0add.jsp
{DB.query} SELECT count(*) AS count FROM TB_USER a  WHERE a.status = 1 AND a.user_id NOT IN (43, 26, 72, 69, 25, 76, 75, 79, 70, 60, 106)  => Unknown column 'a.user_id' in 'where clause' (Unknown column 'a.user_id' in 'where clause')
[2022-06-29 10:24:37] at /sysop/course/user_0add.jsp
{DB.query} SELECT a.* FROM TB_USER a  WHERE a.status = 1 AND a.user_id NOT IN (43, 26, 72, 69, 25, 76, 75, 79, 70, 60, 106)  ORDER BY a.user_nm asc LIMIT 0, 20 => Unknown column 'a.user_id' in 'where clause' (Unknown column 'a.user_id' in 'where clause')
[2022-06-29 10:39:30] {Template.readFile} path:/home/otes/public_html/html/layout/left_banner.html
[2022-06-29 10:41:51] {Template.readFile} path:/home/otes/public_html/html/layout/left_banner.html
[2022-06-29 10:41:56] {Template.readFile} path:/home/otes/public_html/html/layout/left_banner.html
[2022-06-29 10:42:03] {Template.readFile} path:/home/otes/public_html/html/layout/left_banner.html
[2022-06-29 10:42:13] {Template.readFile} path:/home/otes/public_html/html/layout/left_banner.html
[2022-06-29 10:57:52] {Template.readFile} path:/home/otes/public_html/html/layout/left_banner.html
[2022-06-29 10:58:00] {Template.readFile} path:/home/otes/public_html/html/layout/left_banner.html
[2022-06-29 10:58:22] {Template.readFile} path:/home/otes/public_html/html/layout/left_banner.html
[2022-06-29 10:58:55] {Template.readFile} path:/home/otes/public_html/html/layout/left_banner.html
[2022-06-29 10:59:53] {Template.readFile} path:/home/otes/public_html/html/layout/left_banner.html
[2022-06-29 11:01:17] {Template.readFile} path:/home/otes/public_html/html/layout/left_banner.html
[2022-06-29 11:01:21] {Template.readFile} path:/home/otes/public_html/html/layout/left_banner.html
[2022-06-29 11:02:18] {Template.readFile} path:/home/otes/public_html/html/layout/left_banner.html
[2022-06-29 11:03:15] {Template.readFile} path:/home/otes/public_html/html/layout/left_banner.html
[2022-06-29 11:06:56] {Template.readFile} path:/home/otes/public_html/html/layout/left_banner.html
[2022-06-29 11:06:57] {Template.readFile} path:/home/otes/public_html/html/layout/left_banner.html
[2022-06-29 11:06:58] {Template.readFile} path:/home/otes/public_html/html/layout/left_banner.html
[2022-06-29 11:08:58] {Template.readFile} path:/home/otes/public_html/html/layout/left_banner.html
[2022-06-29 11:09:13] {Template.readFile} path:/home/otes/public_html/html/layout/left_banner.html
[2022-06-29 11:14:02] {Template.readFile} path:/home/otes/public_html/html/layout/left_banner.html
[2022-06-29 11:17:38] {Template.readFile} path:/home/otes/public_html/html/layout/left_banner.html
[2022-06-29 11:17:56] {Template.readFile} path:/home/otes/public_html/html/layout/left_banner.html
[2022-06-29 11:47:42] {Template.readFile} path:/home/otes/public_html/html/layout/left_banner.html
[2022-06-29 11:47:52] at /mypage/courseuser_0insert.jsp
{Malgn.strToDate(1)} source: (source is blank or null)
[2022-06-29 11:47:52] at /mypage/courseuser_0insert.jsp
{Malgn.diffDate} type:D, sdate:, edate:20220629 (date is blank or null)
[2022-06-29 11:47:52] {Template.readFile} path:/home/otes/public_html/html/layout/left_banner.html
[2022-06-29 11:51:12] {Template.readFile} path:/home/otes/public_html/html/layout/left_banner.html
[2022-06-29 11:51:16] {Template.readFile} path:/home/otes/public_html/html/layout/left_banner.html
[2022-06-29 14:15:31] {Template.readFile} path:/home/otes/public_html/html/layout/left_banner.html
[2022-06-29 14:15:34] {Template.readFile} path:/home/otes/public_html/html/layout/left_banner.html
[2022-06-29 14:15:35] {Template.readFile} path:/home/otes/public_html/html/layout/left_banner.html
[2022-06-29 14:15:35] {Template.readFile} path:/home/otes/public_html/html/layout/left_banner.html
[2022-06-29 15:00:28] {Template.readFile} path:/home/otes/public_html/html/layout/left_banner.html
[2022-06-29 15:01:28] {Template.readFile} path:/home/otes/public_html/html/layout/left_banner.html
[2022-06-29 15:02:17] {Template.readFile} path:/home/otes/public_html/html/layout/left_banner.html
[2022-06-29 15:02:26] {Template.readFile} path:/home/otes/public_html/html/layout/left_banner.html
[2022-06-29 15:02:47] {Template.readFile} path:/home/otes/public_html/html/layout/left_banner.html
[2022-06-29 15:02:48] {Template.readFile} path:/home/otes/public_html/html/layout/left_banner.html
[2022-06-29 15:05:00] {Template.readFile} path:/home/otes/public_html/html/layout/left_banner.html
[2022-06-29 15:05:00] {Template.readFile} path:/home/otes/public_html/html/layout/left_banner.html
[2022-06-29 15:05:12] {Template.readFile} path:/home/otes/public_html/html/layout/left_banner.html
[2022-06-29 15:05:13] {Template.readFile} path:/home/otes/public_html/html/layout/left_banner.html
[2022-06-29 15:06:36] {Template.readFile} path:/home/otes/public_html/html/layout/left_banner.html
[2022-06-29 15:07:06] {Template.readFile} path:/home/otes/public_html/html/layout/left_banner.html
[2022-06-29 15:07:15] {Template.readFile} path:/home/otes/public_html/html/layout/left_banner.html
[2022-06-29 15:08:06] {Template.readFile} path:/home/otes/public_html/html/layout/left_banner.html
[2022-06-29 15:08:11] {Template.readFile} path:/home/otes/public_html/html/layout/left_banner.html
[2022-06-29 15:08:27] {Template.readFile} path:/home/otes/public_html/html/layout/left_banner.html
[2022-06-29 15:09:34] {Template.readFile} path:/home/otes/public_html/html/layout/left_banner.html
[2022-06-29 15:11:11] {Template.readFile} path:/home/otes/public_html/html/layout/left_banner.html
[2022-06-29 15:30:50] {Template.readFile} path:/home/otes/public_html/html/layout/left_banner.html
[2022-06-29 15:30:56] {Template.readFile} path:/home/otes/public_html/html/layout/left_banner.html
[2022-06-29 17:39:48] {Template.readFile} path:/home/otes/public_html/html/layout/left_banner.html
[2022-06-29 17:39:50] {Template.readFile} path:/home/otes/public_html/html/layout/left_banner.html
