[2022-06-23 08:29:18] at /sysop/course/course_0lesson.jsp
{DB.query} SELECT * FROM LM_LESSON WHERE  course_id = 22 AND status = 1 OREDER BY sort ASC => You have an error in your SQL syntax; check the manual that corresponds to your MySQL server version for the right syntax to use near 'OREDER BY sort ASC' at line 1 (You have an error in your SQL syntax; check the manual that corresponds to your MySQL server version for the right syntax to use near 'OREDER BY sort ASC' at line 1)
[2022-06-23 08:40:59] {Template.readFile} path:/home/otes/public_html/html/layout/left_banner.html
[2022-06-23 08:41:04] at /classroom/viewer.jsp
{DB.execute} INSERT INTO LM_COURSE_PROGRESS (complete_date,complete_yn,reg_date) VALUES (?,?,?) => Field 'COURSE_USER_ID' doesn't have a default value
{complete_date=20220623, complete_yn=Y, reg_date=20220623084104} (Field 'COURSE_USER_ID' doesn't have a default value)
[2022-06-23 08:41:15] {Template.readFile} path:/home/otes/public_html/html/layout/left_banner.html
[2022-06-23 08:41:51] {Template.readFile} path:/home/otes/public_html/html/layout/left_banner.html
[2022-06-23 08:57:29] at /member/join.jsp
{DB.execute} INSERT INTO TB_USER (mobile,passwd,conn_date,user_type,login_id,email_yn,email_date,agreement_yn,status,sms_yn,sms_date,email,user_nm,agreement_date,reg_date) VALUES (?,?,?,?,?,?,?,?,?,?,?,?,?,?,?) => Duplicate entry 'qwer2' for key 'LOGIN_ID'
{mobile=010-9902-0232, passwd=18006e2ca1c2129392c66d87334bd2452c572058d406b4e85f43c1f72def10f5, conn_date=20220623085729, user_type=U, login_id=qwer2, email_yn=Y, email_date=20220623, agreement_yn=Y, status=1, sms_yn=Y, sms_date=20220623, email=min@naver.com, user_nm=김대리, agreement_date=20220623085729, reg_date=20220623085729} (Duplicate entry 'qwer2' for key 'LOGIN_ID')
[2022-06-23 09:00:49] at /member/join.jsp
{DB.execute} INSERT INTO TB_USER (mobile,passwd,conn_date,user_type,login_id,email_yn,email_date,agreement_yn,status,sms_yn,sms_date,email,user_nm,agreement_date,reg_date) VALUES (?,?,?,?,?,?,?,?,?,?,?,?,?,?,?) => Duplicate entry 'qwer2' for key 'LOGIN_ID'
{mobile=010-9902-0232, passwd=18006e2ca1c2129392c66d87334bd2452c572058d406b4e85f43c1f72def10f5, conn_date=20220623090049, user_type=U, login_id=qwer2, email_yn=Y, email_date=20220623, agreement_yn=Y, status=1, sms_yn=Y, sms_date=20220623, email=min@naver.com, user_nm=김대리, agreement_date=20220623090049, reg_date=20220623090049} (Duplicate entry 'qwer2' for key 'LOGIN_ID')
[2022-06-23 09:01:02] at /member/join.jsp
{DB.execute} INSERT INTO TB_USER (mobile,passwd,conn_date,user_type,login_id,email_yn,email_date,agreement_yn,status,sms_yn,sms_date,email,user_nm,agreement_date,reg_date) VALUES (?,?,?,?,?,?,?,?,?,?,?,?,?,?,?) => Duplicate entry 'qwer2' for key 'LOGIN_ID'
{mobile=010-9902-0232, passwd=18006e2ca1c2129392c66d87334bd2452c572058d406b4e85f43c1f72def10f5, conn_date=20220623090102, user_type=U, login_id=qwer2, email_yn=Y, email_date=20220623, agreement_yn=Y, status=1, sms_yn=Y, sms_date=20220623, email=min@naver.com, user_nm=김대리, agreement_date=20220623090102, reg_date=20220623090102} (Duplicate entry 'qwer2' for key 'LOGIN_ID')
[2022-06-23 09:03:37] at /member/join.jsp
{DB.query} SELECT  COUNT(*) AS count  FROM TB_USER WHERE id = qwer2 => Unknown column 'qwer2' in 'where clause' (Unknown column 'qwer2' in 'where clause')
[2022-06-23 09:03:37] at /member/join.jsp
{DB.execute} INSERT INTO TB_USER (mobile,passwd,conn_date,user_type,login_id,email_yn,email_date,agreement_yn,status,sms_yn,sms_date,email,user_nm,agreement_date,reg_date) VALUES (?,?,?,?,?,?,?,?,?,?,?,?,?,?,?) => Duplicate entry 'qwer2' for key 'LOGIN_ID'
{mobile=010-4211-3211, passwd=18006e2ca1c2129392c66d87334bd2452c572058d406b4e85f43c1f72def10f5, conn_date=20220623090337, user_type=U, login_id=qwer2, email_yn=N, email_date=20220623, agreement_yn=Y, status=1, sms_yn=N, sms_date=20220623, email=min@naver.com, user_nm=민, agreement_date=20220623090337, reg_date=20220623090337} (Duplicate entry 'qwer2' for key 'LOGIN_ID')
[2022-06-23 09:04:16] at /member/join.jsp
{DB.query} SELECT  COUNT(*) AS count  FROM TB_USER WHERE id = qwer2 => Unknown column 'qwer2' in 'where clause' (Unknown column 'qwer2' in 'where clause')
[2022-06-23 09:04:16] at /member/join.jsp
{DB.execute} INSERT INTO TB_USER (mobile,passwd,conn_date,user_type,login_id,email_yn,email_date,agreement_yn,status,sms_yn,sms_date,email,user_nm,agreement_date,reg_date) VALUES (?,?,?,?,?,?,?,?,?,?,?,?,?,?,?) => Duplicate entry 'qwer2' for key 'LOGIN_ID'
{mobile=010-4211-3211, passwd=18006e2ca1c2129392c66d87334bd2452c572058d406b4e85f43c1f72def10f5, conn_date=20220623090416, user_type=U, login_id=qwer2, email_yn=N, email_date=20220623, agreement_yn=Y, status=1, sms_yn=N, sms_date=20220623, email=mi@naver.com, user_nm=민, agreement_date=20220623090416, reg_date=20220623090416} (Duplicate entry 'qwer2' for key 'LOGIN_ID')
[2022-06-23 09:04:58] at /member/join.jsp
{DB.query} SELECT  COUNT(*) AS count  FROM TB_USER WHERE login_id = qwer2 => Unknown column 'qwer2' in 'where clause' (Unknown column 'qwer2' in 'where clause')
[2022-06-23 09:04:58] at /member/join.jsp
{DB.execute} INSERT INTO TB_USER (mobile,passwd,conn_date,user_type,login_id,email_yn,email_date,agreement_yn,status,sms_yn,sms_date,email,user_nm,agreement_date,reg_date) VALUES (?,?,?,?,?,?,?,?,?,?,?,?,?,?,?) => Duplicate entry 'qwer2' for key 'LOGIN_ID'
{mobile=010-2314-3211, passwd=18006e2ca1c2129392c66d87334bd2452c572058d406b4e85f43c1f72def10f5, conn_date=20220623090458, user_type=U, login_id=qwer2, email_yn=N, email_date=20220623, agreement_yn=Y, status=1, sms_yn=N, sms_date=20220623, email=min@naver.com, user_nm=민, agreement_date=20220623090458, reg_date=20220623090458} (Duplicate entry 'qwer2' for key 'LOGIN_ID')
[2022-06-23 09:05:28] {Template.readFile} path:/home/otes/public_html/html/layout/left_banner.html
[2022-06-23 09:05:47] {Template.readFile} path:/home/otes/public_html/html/layout/left_banner.html
[2022-06-23 09:05:53] at /mypage/courseuser_0insert.jsp
{Malgn.strToDate(1)} source: (source is blank or null)
[2022-06-23 09:05:53] at /mypage/courseuser_0insert.jsp
{Malgn.diffDate} type:D, sdate:, edate:20220623 (date is blank or null)
[2022-06-23 09:05:55] {Template.readFile} path:/home/otes/public_html/html/layout/left_banner.html
[2022-06-23 09:06:07] {Template.readFile} path:/home/otes/public_html/html/layout/left_banner.html
[2022-06-23 09:06:43] at /member/join.jsp
{DB.query} SELECT  COUNT(*) AS count  FROM TB_USER WHERE login_id = qwer2 => Unknown column 'qwer2' in 'where clause' (Unknown column 'qwer2' in 'where clause')
[2022-06-23 09:06:43] at /member/join.jsp
{DB.execute} INSERT INTO TB_USER (mobile,passwd,conn_date,user_type,login_id,email_yn,email_date,agreement_yn,status,sms_yn,sms_date,email,user_nm,agreement_date,reg_date) VALUES (?,?,?,?,?,?,?,?,?,?,?,?,?,?,?) => Duplicate entry 'qwer2' for key 'LOGIN_ID'
{mobile=010-2342-1234, passwd=18006e2ca1c2129392c66d87334bd2452c572058d406b4e85f43c1f72def10f5, conn_date=20220623090643, user_type=U, login_id=qwer2, email_yn=N, email_date=20220623, agreement_yn=Y, status=1, sms_yn=N, sms_date=20220623, email=min@dreamwiz.com, user_nm=윤민, agreement_date=20220623090643, reg_date=20220623090643} (Duplicate entry 'qwer2' for key 'LOGIN_ID')
[2022-06-23 09:27:06] {Template.readFile} path:/home/otes/public_html/html/layout/left_banner.html
[2022-06-23 09:39:24] {Template.readFile} path:/home/otes/public_html/html/layout/left_banner.html
[2022-06-23 09:39:26] {Template.readFile} path:/home/otes/public_html/html/layout/left_banner.html
[2022-06-23 09:41:32] at /mypage/courseuser_0insert.jsp
{Malgn.strToDate(1)} source: (source is blank or null)
[2022-06-23 09:41:32] at /mypage/courseuser_0insert.jsp
{Malgn.diffDate} type:D, sdate:, edate:20220623 (date is blank or null)
[2022-06-23 09:41:34] {Template.readFile} path:/home/otes/public_html/html/layout/left_banner.html
[2022-06-23 09:42:16] {Template.readFile} path:/home/otes/public_html/html/layout/left_banner.html
[2022-06-23 09:42:28] {Template.readFile} path:/home/otes/public_html/html/layout/left_banner.html
[2022-06-23 09:44:04] at /mypage/courseuser_0insert.jsp
{Malgn.strToDate(1)} source: (source is blank or null)
[2022-06-23 09:44:04] at /mypage/courseuser_0insert.jsp
{Malgn.diffDate} type:D, sdate:, edate:20220623 (date is blank or null)
[2022-06-23 09:44:04] {Template.readFile} path:/home/otes/public_html/html/layout/left_banner.html
[2022-06-23 09:44:22] {Template.readFile} path:/home/otes/public_html/html/layout/left_banner.html
[2022-06-23 09:44:43] {Template.readFile} path:/home/otes/public_html/html/layout/left_banner.html
[2022-06-23 09:50:30] {Template.readFile} path:/home/otes/public_html/html/layout/left_banner.html
[2022-06-23 09:52:06] {Template.readFile} path:/home/otes/public_html/html/layout/left_banner.html
[2022-06-23 09:52:24] {Template.readFile} path:/home/otes/public_html/html/layout/left_banner.html
[2022-06-23 09:52:27] {Template.readFile} path:/home/otes/public_html/html/layout/left_banner.html
[2022-06-23 09:52:32] {Template.readFile} path:/home/otes/public_html/html/layout/left_banner.html
[2022-06-23 09:53:58] {Template.readFile} path:/home/otes/public_html/html/layout/left_banner.html
[2022-06-23 09:59:20] {Template.readFile} path:/home/otes/public_html/html/layout/left_banner.html
[2022-06-23 09:59:22] {Template.readFile} path:/home/otes/public_html/html/layout/left_banner.html
[2022-06-23 10:10:04] {Template.readFile} path:/home/otes/public_html/html/layout/left_banner.html
[2022-06-23 10:10:05] {Template.readFile} path:/home/otes/public_html/html/layout/left_banner.html
[2022-06-23 10:12:42] {Template.readFile} path:/home/otes/public_html/html/layout/left_banner.html
[2022-06-23 10:12:49] {Template.readFile} path:/home/otes/public_html/html/layout/left_banner.html
[2022-06-23 10:17:28] {Template.readFile} path:/home/otes/public_html/html/layout/left_banner.html
[2022-06-23 10:19:02] {Template.readFile} path:/home/otes/public_html/html/layout/left_banner.html
[2022-06-23 10:19:06] {Template.readFile} path:/home/otes/public_html/html/layout/left_banner.html
[2022-06-23 10:21:44] {Template.readFile} path:/home/otes/public_html/html/layout/left_banner.html
[2022-06-23 10:23:22] {Template.readFile} path:/home/otes/public_html/html/layout/left_banner.html
[2022-06-23 10:23:25] {Template.readFile} path:/home/otes/public_html/html/layout/left_banner.html
[2022-06-23 10:23:28] {Template.readFile} path:/home/otes/public_html/html/layout/left_banner.html
[2022-06-23 10:25:25] {Template.readFile} path:/home/otes/public_html/html/layout/left_banner.html
[2022-06-23 10:46:02] {Template.readFile} path:/home/otes/public_html/html/layout/left_banner.html
[2022-06-23 10:49:29] {Template.readFile} path:/home/otes/public_html/html/layout/left_banner.html
[2022-06-23 10:49:31] {Template.readFile} path:/home/otes/public_html/html/layout/left_banner.html
[2022-06-23 10:49:36] {Template.readFile} path:/home/otes/public_html/html/layout/left_banner.html
[2022-06-23 10:50:02] {Template.readFile} path:/home/otes/public_html/html/layout/left_banner.html
[2022-06-23 10:53:53] at /sysop/course/user_0add.jsp
{DB.query} SELECT * FROM LM_COURSE_USER WHERE SELECT user_id FROM LM_COURSE_USER WHERE status != -1 AND course_id = 22 AND user_id IN (60,64,70,59,62,63,65,67,72,58,44,50,55,56,66,74,43,46,26,1)  => You have an error in your SQL syntax; check the manual that corresponds to your MySQL server version for the right syntax to use near 'SELECT user_id FROM LM_COURSE_USER WHERE status != -1 AND course_id = 22 AND use' at line 1 (You have an error in your SQL syntax; check the manual that corresponds to your MySQL server version for the right syntax to use near 'SELECT user_id FROM LM_COURSE_USER WHERE status != -1 AND course_id = 22 AND use' at line 1)
[2022-06-23 11:06:00] {Template.readFile} path:/home/otes/public_html/html/layout/left_banner.html
[2022-06-23 11:06:09] {Template.readFile} path:/home/otes/public_html/html/layout/left_banner.html
[2022-06-23 11:06:11] {Template.readFile} path:/home/otes/public_html/html/layout/left_banner.html
[2022-06-23 11:07:20] {Template.readFile} path:/home/otes/public_html/html/layout/left_banner.html
[2022-06-23 11:07:25] {Template.readFile} path:/home/otes/public_html/html/layout/left_banner.html
[2022-06-23 11:07:26] {Template.readFile} path:/home/otes/public_html/html/layout/left_banner.html
[2022-06-23 11:07:29] {Template.readFile} path:/home/otes/public_html/html/layout/left_banner.html
[2022-06-23 11:08:13] {Template.readFile} path:/home/otes/public_html/html/layout/left_banner.html
[2022-06-23 11:08:14] {Template.readFile} path:/home/otes/public_html/html/layout/left_banner.html
[2022-06-23 11:12:19] {Template.readFile} path:/home/otes/public_html/html/layout/left_banner.html
[2022-06-23 11:12:21] {Template.readFile} path:/home/otes/public_html/html/layout/left_banner.html
[2022-06-23 11:12:23] {Template.readFile} path:/home/otes/public_html/html/layout/left_banner.html
[2022-06-23 11:12:23] {Template.readFile} path:/home/otes/public_html/html/layout/left_banner.html
[2022-06-23 11:12:24] {Template.readFile} path:/home/otes/public_html/html/layout/left_banner.html
[2022-06-23 11:12:26] {Template.readFile} path:/home/otes/public_html/html/layout/left_banner.html
[2022-06-23 11:12:27] {Template.readFile} path:/home/otes/public_html/html/layout/left_banner.html
[2022-06-23 11:12:28] {Template.readFile} path:/home/otes/public_html/html/layout/left_banner.html
[2022-06-23 11:12:29] {Template.readFile} path:/home/otes/public_html/html/layout/left_banner.html
[2022-06-23 11:12:33] {Template.readFile} path:/home/otes/public_html/html/layout/left_banner.html
[2022-06-23 11:12:51] {Template.readFile} path:/home/otes/public_html/html/layout/left_banner.html
[2022-06-23 11:12:58] {Template.readFile} path:/home/otes/public_html/html/layout/left_banner.html
[2022-06-23 11:12:59] {Template.readFile} path:/home/otes/public_html/html/layout/left_banner.html
[2022-06-23 11:13:35] {Template.readFile} path:/home/otes/public_html/html/layout/left_banner.html
[2022-06-23 11:13:35] {Template.readFile} path:/home/otes/public_html/html/layout/left_banner.html
[2022-06-23 11:13:36] {Template.readFile} path:/home/otes/public_html/html/layout/left_banner.html
[2022-06-23 11:13:40] {Template.readFile} path:/home/otes/public_html/html/layout/left_banner.html
[2022-06-23 11:13:42] {Template.readFile} path:/home/otes/public_html/html/layout/left_banner.html
[2022-06-23 11:13:55] {Template.readFile} path:/home/otes/public_html/html/layout/left_banner.html
[2022-06-23 11:14:43] {Template.readFile} path:/home/otes/public_html/html/layout/left_banner.html
[2022-06-23 11:14:44] {Template.readFile} path:/home/otes/public_html/html/layout/left_banner.html
[2022-06-23 11:14:47] {Template.readFile} path:/home/otes/public_html/html/layout/left_banner.html
[2022-06-23 11:14:50] {Template.readFile} path:/home/otes/public_html/html/layout/left_banner.html
[2022-06-23 11:15:33] {Template.readFile} path:/home/otes/public_html/html/layout/left_banner.html
[2022-06-23 11:18:31] at /sysop/course/user_0add.jsp
{DB.query} SELECT * FROM LM_COURSE_USER WHERE SELECT user_id FROM LM_COURSE_USER WHERE status != -1 AND course_id = 22 AND user_id IN (71)  => You have an error in your SQL syntax; check the manual that corresponds to your MySQL server version for the right syntax to use near 'SELECT user_id FROM LM_COURSE_USER WHERE status != -1 AND course_id = 22 AND use' at line 1 (You have an error in your SQL syntax; check the manual that corresponds to your MySQL server version for the right syntax to use near 'SELECT user_id FROM LM_COURSE_USER WHERE status != -1 AND course_id = 22 AND use' at line 1)
[2022-06-23 11:18:35] at /sysop/course/user_0add.jsp
{DB.query} SELECT * FROM LM_COURSE_USER WHERE SELECT user_id FROM LM_COURSE_USER WHERE status != -1 AND course_id = 22 AND user_id IN (70)  => You have an error in your SQL syntax; check the manual that corresponds to your MySQL server version for the right syntax to use near 'SELECT user_id FROM LM_COURSE_USER WHERE status != -1 AND course_id = 22 AND use' at line 1 (You have an error in your SQL syntax; check the manual that corresponds to your MySQL server version for the right syntax to use near 'SELECT user_id FROM LM_COURSE_USER WHERE status != -1 AND course_id = 22 AND use' at line 1)
[2022-06-23 11:18:40] at /sysop/course/user_0add.jsp
{DB.query} SELECT * FROM LM_COURSE_USER WHERE SELECT user_id FROM LM_COURSE_USER WHERE status != -1 AND course_id = 22 AND user_id IN (70)  => You have an error in your SQL syntax; check the manual that corresponds to your MySQL server version for the right syntax to use near 'SELECT user_id FROM LM_COURSE_USER WHERE status != -1 AND course_id = 22 AND use' at line 1 (You have an error in your SQL syntax; check the manual that corresponds to your MySQL server version for the right syntax to use near 'SELECT user_id FROM LM_COURSE_USER WHERE status != -1 AND course_id = 22 AND use' at line 1)
[2022-06-23 11:19:48] {Template.readFile} path:/home/otes/public_html/html/layout/left_banner.html
[2022-06-23 11:19:48] {Template.readFile} path:/home/otes/public_html/html/layout/left_banner.html
[2022-06-23 11:19:55] at /sysop/course/user_0add.jsp
{DB.query} SELECT * FROM LM_COURSE_USER WHERE SELECT DISTINCT user_id FROM LM_COURSE_USER WHERE status != -1 AND course_id = 22 AND user_id IN (26)  => You have an error in your SQL syntax; check the manual that corresponds to your MySQL server version for the right syntax to use near 'SELECT DISTINCT user_id FROM LM_COURSE_USER WHERE status != -1 AND course_id = 2' at line 1 (You have an error in your SQL syntax; check the manual that corresponds to your MySQL server version for the right syntax to use near 'SELECT DISTINCT user_id FROM LM_COURSE_USER WHERE status != -1 AND course_id = 2' at line 1)
[2022-06-23 11:22:49] {Template.readFile} path:/home/otes/public_html/html/layout/left_banner.html
[2022-06-23 11:22:50] {Template.readFile} path:/home/otes/public_html/html/layout/left_banner.html
[2022-06-23 11:23:37] at /sysop/course/user_0add.jsp
{DB.query} SELECT * FROM LM_COURSE_USER WHERE SELECT DISTINCT user_id FROM LM_COURSE_USER WHERE status != -1 AND course_id = 22 AND user_id IN (26)  => You have an error in your SQL syntax; check the manual that corresponds to your MySQL server version for the right syntax to use near 'SELECT DISTINCT user_id FROM LM_COURSE_USER WHERE status != -1 AND course_id = 2' at line 1 (You have an error in your SQL syntax; check the manual that corresponds to your MySQL server version for the right syntax to use near 'SELECT DISTINCT user_id FROM LM_COURSE_USER WHERE status != -1 AND course_id = 2' at line 1)
[2022-06-23 11:23:55] {Template.readFile} path:/home/otes/public_html/html/layout/left_banner.html
[2022-06-23 11:24:48] {Template.readFile} path:/home/otes/public_html/html/layout/left_banner.html
[2022-06-23 11:25:33] at /sysop/course/user_0add.jsp
{DB.query} SELECT * FROM LM_COURSE_USER WHERE SELECT DISTINCT user_id FROM LM_COURSE_USER WHERE status != -1 AND course_id = 22 AND user_id IN (65,26,70,69,71)  => You have an error in your SQL syntax; check the manual that corresponds to your MySQL server version for the right syntax to use near 'SELECT DISTINCT user_id FROM LM_COURSE_USER WHERE status != -1 AND course_id = 2' at line 1 (You have an error in your SQL syntax; check the manual that corresponds to your MySQL server version for the right syntax to use near 'SELECT DISTINCT user_id FROM LM_COURSE_USER WHERE status != -1 AND course_id = 2' at line 1)
[2022-06-23 11:25:46] at /sysop/course/user_0add.jsp
{DB.query} SELECT * FROM LM_COURSE_USER WHERE SELECT DISTINCT user_id FROM LM_COURSE_USER WHERE status != -1 AND course_id = 22 AND user_id IN (65,26,70,69,71)  => You have an error in your SQL syntax; check the manual that corresponds to your MySQL server version for the right syntax to use near 'SELECT DISTINCT user_id FROM LM_COURSE_USER WHERE status != -1 AND course_id = 2' at line 1 (You have an error in your SQL syntax; check the manual that corresponds to your MySQL server version for the right syntax to use near 'SELECT DISTINCT user_id FROM LM_COURSE_USER WHERE status != -1 AND course_id = 2' at line 1)
[2022-06-23 11:28:15] {Template.readFile} path:/home/otes/public_html/html/layout/left_banner.html
[2022-06-23 11:28:26] {Template.readFile} path:/home/otes/public_html/html/layout/left_banner.html
[2022-06-23 11:28:27] {Template.readFile} path:/home/otes/public_html/html/layout/left_banner.html
[2022-06-23 11:28:36] {Template.readFile} path:/home/otes/public_html/html/layout/left_banner.html
[2022-06-23 11:29:41] {Template.readFile} path:/home/otes/public_html/html/layout/left_banner.html
[2022-06-23 11:30:31] {Template.readFile} path:/home/otes/public_html/html/layout/left_banner.html
[2022-06-23 11:31:28] {Template.readFile} path:/home/otes/public_html/html/layout/left_banner.html
[2022-06-23 11:37:51] {Template.readFile} path:/home/otes/public_html/html/layout/left_banner.html
[2022-06-23 11:38:01] at /sysop/course/user_0add.jsp
{DB.query} SELECT * FROM LM_COURSE_USER WHERE SELECT user_id FROM LM_COURSE_USER WHERE status != -1 AND course_id = 22 AND user_id IN (26)  => You have an error in your SQL syntax; check the manual that corresponds to your MySQL server version for the right syntax to use near 'SELECT user_id FROM LM_COURSE_USER WHERE status != -1 AND course_id = 22 AND use' at line 1 (You have an error in your SQL syntax; check the manual that corresponds to your MySQL server version for the right syntax to use near 'SELECT user_id FROM LM_COURSE_USER WHERE status != -1 AND course_id = 22 AND use' at line 1)
[2022-06-23 11:40:32] {Template.readFile} path:/home/otes/public_html/html/layout/left_banner.html
[2022-06-23 11:40:32] at /sysop/course/user_0add.jsp
{DB.query} SELECT * FROM LM_COURSE_USER WHERE SELECT user_id FROM LM_COURSE_USER WHERE status != -1 AND course_id = 22 AND user_id IN (26)  => You have an error in your SQL syntax; check the manual that corresponds to your MySQL server version for the right syntax to use near 'SELECT user_id FROM LM_COURSE_USER WHERE status != -1 AND course_id = 22 AND use' at line 1 (You have an error in your SQL syntax; check the manual that corresponds to your MySQL server version for the right syntax to use near 'SELECT user_id FROM LM_COURSE_USER WHERE status != -1 AND course_id = 22 AND use' at line 1)
[2022-06-23 11:40:52] {Template.readFile} path:/home/otes/public_html/html/layout/left_banner.html
[2022-06-23 11:43:32] {Template.readFile} path:/home/otes/public_html/html/layout/left_banner.html
[2022-06-23 11:49:14] {Template.readFile} path:/home/otes/public_html/html/layout/left_banner.html
[2022-06-23 11:49:16] {Template.readFile} path:/home/otes/public_html/html/layout/left_banner.html
[2022-06-23 11:49:17] {Template.readFile} path:/home/otes/public_html/html/layout/left_banner.html
[2022-06-23 11:52:16] {Template.readFile} path:/home/otes/public_html/html/layout/left_banner.html
[2022-06-23 11:52:59] {Template.readFile} path:/home/otes/public_html/html/layout/left_banner.html
[2022-06-23 11:53:09] {Template.readFile} path:/home/otes/public_html/html/layout/left_banner.html
[2022-06-23 11:53:12] {Template.readFile} path:/home/otes/public_html/html/layout/left_banner.html
[2022-06-23 11:54:46] {Template.readFile} path:/home/otes/public_html/html/layout/left_banner.html
[2022-06-23 11:54:57] {Template.readFile} path:/home/otes/public_html/html/layout/left_banner.html
[2022-06-23 11:55:00] {Template.readFile} path:/home/otes/public_html/html/layout/left_banner.html
[2022-06-23 11:55:36] {Template.readFile} path:/home/otes/public_html/html/layout/left_banner.html
[2022-06-23 11:55:38] {Template.readFile} path:/home/otes/public_html/html/layout/left_banner.html
[2022-06-23 11:55:39] {Template.readFile} path:/home/otes/public_html/html/layout/left_banner.html
[2022-06-23 11:58:59] at /sysop/course/user_0add.jsp
{DB.query} SELECT * FROM LM_COURSE_USER WHERE SELECT user_id FROM LM_COURSE_USER WHERE status != -1 AND course_id = 22 AND user_id IN (26)  => You have an error in your SQL syntax; check the manual that corresponds to your MySQL server version for the right syntax to use near 'SELECT user_id FROM LM_COURSE_USER WHERE status != -1 AND course_id = 22 AND use' at line 1 (You have an error in your SQL syntax; check the manual that corresponds to your MySQL server version for the right syntax to use near 'SELECT user_id FROM LM_COURSE_USER WHERE status != -1 AND course_id = 22 AND use' at line 1)
[2022-06-23 13:02:36] {Template.readFile} path:/home/otes/public_html/html/layout/left_banner.html
[2022-06-23 13:03:51] {Template.readFile} path:/home/otes/public_html/html/layout/left_banner.html
[2022-06-23 13:03:52] at /sysop/course/user_0add.jsp
{DB.query} SELECT * FROM LM_COURSE_USER WHERE SELECT DISTINCT user_id FROM LM_COURSE_USER WHERE status != -1 AND course_id = 22 AND user_id IN (26)  => You have an error in your SQL syntax; check the manual that corresponds to your MySQL server version for the right syntax to use near 'SELECT DISTINCT user_id FROM LM_COURSE_USER WHERE status != -1 AND course_id = 2' at line 1 (You have an error in your SQL syntax; check the manual that corresponds to your MySQL server version for the right syntax to use near 'SELECT DISTINCT user_id FROM LM_COURSE_USER WHERE status != -1 AND course_id = 2' at line 1)
[2022-06-23 13:03:53] {Template.readFile} path:/home/otes/public_html/html/layout/left_banner.html
[2022-06-23 13:03:53] {Template.readFile} path:/home/otes/public_html/html/layout/left_banner.html
[2022-06-23 13:03:58] at /sysop/course/user_0add.jsp
{DB.query} SELECT * FROM LM_COURSE_USER WHERE SELECT DISTINCT user_id FROM LM_COURSE_USER WHERE status != -1 AND course_id = 22 AND user_id IN (26)  => You have an error in your SQL syntax; check the manual that corresponds to your MySQL server version for the right syntax to use near 'SELECT DISTINCT user_id FROM LM_COURSE_USER WHERE status != -1 AND course_id = 2' at line 1 (You have an error in your SQL syntax; check the manual that corresponds to your MySQL server version for the right syntax to use near 'SELECT DISTINCT user_id FROM LM_COURSE_USER WHERE status != -1 AND course_id = 2' at line 1)
[2022-06-23 13:04:19] {Template.readFile} path:/home/otes/public_html/html/layout/left_banner.html
[2022-06-23 13:04:20] {Template.readFile} path:/home/otes/public_html/html/layout/left_banner.html
[2022-06-23 13:04:21] {Template.readFile} path:/home/otes/public_html/html/layout/left_banner.html
[2022-06-23 13:05:17] at /sysop/course/user_0add.jsp
{DB.query} SELECT * FROM LM_COURSE_USER WHERE SELECT user_id FROM LM_COURSE_USER WHERE status != -1 AND course_id = 22 AND user_id IN (60)  => You have an error in your SQL syntax; check the manual that corresponds to your MySQL server version for the right syntax to use near 'SELECT user_id FROM LM_COURSE_USER WHERE status != -1 AND course_id = 22 AND use' at line 1 (You have an error in your SQL syntax; check the manual that corresponds to your MySQL server version for the right syntax to use near 'SELECT user_id FROM LM_COURSE_USER WHERE status != -1 AND course_id = 22 AND use' at line 1)
[2022-06-23 13:05:25] at /sysop/course/user_0add.jsp
{DB.query} SELECT * FROM LM_COURSE_USER WHERE SELECT user_id FROM LM_COURSE_USER WHERE status != -1 AND course_id = 22 AND user_id IN (26)  => You have an error in your SQL syntax; check the manual that corresponds to your MySQL server version for the right syntax to use near 'SELECT user_id FROM LM_COURSE_USER WHERE status != -1 AND course_id = 22 AND use' at line 1 (You have an error in your SQL syntax; check the manual that corresponds to your MySQL server version for the right syntax to use near 'SELECT user_id FROM LM_COURSE_USER WHERE status != -1 AND course_id = 22 AND use' at line 1)
[2022-06-23 13:06:02] at /sysop/course/user_0add.jsp
{DB.query} SELECT * FROM LM_COURSE_USER WHERE SELECT user_id FROM LM_COURSE_USER WHERE status != -1 AND course_id = 22 AND user_id IN (26)  => You have an error in your SQL syntax; check the manual that corresponds to your MySQL server version for the right syntax to use near 'SELECT user_id FROM LM_COURSE_USER WHERE status != -1 AND course_id = 22 AND use' at line 1 (You have an error in your SQL syntax; check the manual that corresponds to your MySQL server version for the right syntax to use near 'SELECT user_id FROM LM_COURSE_USER WHERE status != -1 AND course_id = 22 AND use' at line 1)
[2022-06-23 13:06:12] at /sysop/course/user_0add.jsp
{DB.query} SELECT * FROM LM_COURSE_USER WHERE SELECT user_id FROM LM_COURSE_USER WHERE status != -1 AND course_id = 22 AND user_id IN (60,64,59,62,63,65,67,72,58,44,50,55,56,66,74,43,46,26,1,4)  => You have an error in your SQL syntax; check the manual that corresponds to your MySQL server version for the right syntax to use near 'SELECT user_id FROM LM_COURSE_USER WHERE status != -1 AND course_id = 22 AND use' at line 1 (You have an error in your SQL syntax; check the manual that corresponds to your MySQL server version for the right syntax to use near 'SELECT user_id FROM LM_COURSE_USER WHERE status != -1 AND course_id = 22 AND use' at line 1)
[2022-06-23 13:07:49] at /sysop/course/user_0add.jsp
{DB.query} SELECT * FROM LM_COURSE_USER WHERE SELECT user_id FROM LM_COURSE_USER WHERE status != -1 AND course_id = 22 AND user_id IN (26)  => You have an error in your SQL syntax; check the manual that corresponds to your MySQL server version for the right syntax to use near 'SELECT user_id FROM LM_COURSE_USER WHERE status != -1 AND course_id = 22 AND use' at line 1 (You have an error in your SQL syntax; check the manual that corresponds to your MySQL server version for the right syntax to use near 'SELECT user_id FROM LM_COURSE_USER WHERE status != -1 AND course_id = 22 AND use' at line 1)
[2022-06-23 13:08:25] {Template.readFile} path:/home/otes/public_html/html/layout/left_banner.html
[2022-06-23 13:08:26] {Template.readFile} path:/home/otes/public_html/html/layout/left_banner.html
[2022-06-23 13:08:41] {Template.readFile} path:/home/otes/public_html/html/layout/left_banner.html
[2022-06-23 13:08:42] {Template.readFile} path:/home/otes/public_html/html/layout/left_banner.html
[2022-06-23 13:08:46] {Template.readFile} path:/home/otes/public_html/html/layout/left_banner.html
[2022-06-23 13:08:48] {Template.readFile} path:/home/otes/public_html/html/layout/left_banner.html
[2022-06-23 13:08:59] at /sysop/course/user_0add.jsp
{DB.query} SELECT * FROM LM_COURSE_USER WHERE SELECT user_id FROM LM_COURSE_USER WHERE status != -1 AND course_id = 22 AND user_id IN (26)  => You have an error in your SQL syntax; check the manual that corresponds to your MySQL server version for the right syntax to use near 'SELECT user_id FROM LM_COURSE_USER WHERE status != -1 AND course_id = 22 AND use' at line 1 (You have an error in your SQL syntax; check the manual that corresponds to your MySQL server version for the right syntax to use near 'SELECT user_id FROM LM_COURSE_USER WHERE status != -1 AND course_id = 22 AND use' at line 1)
[2022-06-23 13:11:46] {Template.readFile} path:/home/otes/public_html/html/layout/left_banner.html
[2022-06-23 13:13:36] {Template.readFile} path:/home/otes/public_html/html/layout/left_banner.html
[2022-06-23 13:14:48] {Template.readFile} path:/home/otes/public_html/html/layout/left_banner.html
[2022-06-23 13:28:03] {Template.readFile} path:/home/otes/public_html/html/layout/left_banner.html
[2022-06-23 13:28:05] {Template.readFile} path:/home/otes/public_html/html/layout/left_banner.html
[2022-06-23 13:30:25] at /mypage/courseuser_0insert.jsp
{Malgn.strToDate(1)} source: (source is blank or null)
[2022-06-23 13:30:25] at /mypage/courseuser_0insert.jsp
{Malgn.diffDate} type:D, sdate:, edate:20220623 (date is blank or null)
[2022-06-23 13:30:25] {Template.readFile} path:/home/otes/public_html/html/layout/left_banner.html
[2022-06-23 14:19:57] {Template.readFile} path:/home/otes/public_html/html/layout/left_banner.html
[2022-06-23 14:51:21] {Template.readFile} path:/home/otes/public_html/html/layout/left_banner.html
[2022-06-23 14:51:25] {Template.readFile} path:/home/otes/public_html/html/layout/left_banner.html
[2022-06-23 14:51:26] {Template.readFile} path:/home/otes/public_html/html/layout/left_banner.html
[2022-06-23 14:51:26] {Template.readFile} path:/home/otes/public_html/html/layout/left_banner.html
[2022-06-23 14:51:27] {Template.readFile} path:/home/otes/public_html/html/layout/left_banner.html
[2022-06-23 14:51:27] {Template.readFile} path:/home/otes/public_html/html/layout/left_banner.html
[2022-06-23 14:51:27] {Template.readFile} path:/home/otes/public_html/html/layout/left_banner.html
[2022-06-23 14:51:27] {Template.readFile} path:/home/otes/public_html/html/layout/left_banner.html
[2022-06-23 14:51:28] {Template.readFile} path:/home/otes/public_html/html/layout/left_banner.html
