[2022-06-20 12:25:07] at /sysop/course/log_0list.jsp
{DB.query} SELECT count(*) AS count FROM LM_COURSE_USER_LOG a  LEFT JOIN LM_COURSE c ON a.course_id = c.id  LEFT JOIN LM_LESSON l ON a.course_id = l.id  WHERE a.status = 1 AND a.user_id = 25 AND a.course_user_id = ? => Unknown column 'a.status' in 'where clause'
[Ljava.lang.Object;@60eae163 (Unknown column 'a.status' in 'where clause')
[2022-06-20 12:25:07] at /sysop/course/log_0list.jsp
{DB.query} SELECT a.*, c.course_nm, l.lesson_nm  FROM LM_COURSE_USER_LOG a  LEFT JOIN LM_COURSE c ON a.course_id = c.id  LEFT JOIN LM_LESSON l ON a.course_id = l.id  WHERE a.status = 1 AND a.user_id = 25 AND a.course_user_id = ? ORDER BY a.reg_date desc LIMIT 0, 15 => Unknown column 'a.status' in 'where clause'
[Ljava.lang.Object;@71d9dcab (Unknown column 'a.status' in 'where clause')
[2022-06-20 12:25:40] at /sysop/course/log_0list.jsp
{DB.query} SELECT count(*) AS count FROM LM_COURSE_USER_LOG a  LEFT JOIN LM_COURSE c ON a.course_id = c.id  LEFT JOIN LM_LESSON l ON a.course_id = l.id  WHERE a.status = 1 AND a.user_id = 25 AND a.course_user_id = ? => Unknown column 'a.status' in 'where clause'
[Ljava.lang.Object;@46fcd879 (Unknown column 'a.status' in 'where clause')
[2022-06-20 12:25:40] at /sysop/course/log_0list.jsp
{DB.query} SELECT a.*, c.course_nm, l.lesson_nm  FROM LM_COURSE_USER_LOG a  LEFT JOIN LM_COURSE c ON a.course_id = c.id  LEFT JOIN LM_LESSON l ON a.course_id = l.id  WHERE a.status = 1 AND a.user_id = 25 AND a.course_user_id = ? ORDER BY a.reg_date desc LIMIT 0, 15 => Unknown column 'a.status' in 'where clause'
[Ljava.lang.Object;@660729c4 (Unknown column 'a.status' in 'where clause')
[2022-06-20 12:25:46] at /sysop/course/log_0list.jsp
{DB.query} SELECT count(*) AS count FROM LM_COURSE_USER_LOG a  LEFT JOIN LM_COURSE c ON a.course_id = c.id  LEFT JOIN LM_LESSON l ON a.course_id = l.id  WHERE a.status = 1 AND a.user_id = 25 AND a.course_user_id = ? => Unknown column 'a.status' in 'where clause'
[Ljava.lang.Object;@572c7b82 (Unknown column 'a.status' in 'where clause')
[2022-06-20 12:25:46] at /sysop/course/log_0list.jsp
{DB.query} SELECT a.*, c.course_nm, l.lesson_nm  FROM LM_COURSE_USER_LOG a  LEFT JOIN LM_COURSE c ON a.course_id = c.id  LEFT JOIN LM_LESSON l ON a.course_id = l.id  WHERE a.status = 1 AND a.user_id = 25 AND a.course_user_id = ? ORDER BY a.reg_date desc LIMIT 0, 15 => Unknown column 'a.status' in 'where clause'
[Ljava.lang.Object;@15cee277 (Unknown column 'a.status' in 'where clause')
[2022-06-20 12:30:41] at /sysop/course/log_0list.jsp
{DB.query} SELECT count(*) AS count FROM LM_COURSE_USER_LOG a  LEFT JOIN LM_COURSE c ON a.course_id = c.id  LEFT JOIN LM_LESSON l ON a.course_id = l.id  WHERE a.status = 1 AND a.user_id = 25 AND a.course_user_id = ? => Unknown column 'a.status' in 'where clause'
[Ljava.lang.Object;@6539c6fb (Unknown column 'a.status' in 'where clause')
[2022-06-20 12:30:41] at /sysop/course/log_0list.jsp
{DB.query} SELECT a.*, c.course_nm, l.lesson_nm  FROM LM_COURSE_USER_LOG a  LEFT JOIN LM_COURSE c ON a.course_id = c.id  LEFT JOIN LM_LESSON l ON a.course_id = l.id  WHERE a.status = 1 AND a.user_id = 25 AND a.course_user_id = ? ORDER BY a.reg_date desc LIMIT 0, 15 => Unknown column 'a.status' in 'where clause'
[Ljava.lang.Object;@77bd5d3c (Unknown column 'a.status' in 'where clause')
[2022-06-20 12:33:22] at /sysop/course/log_0list.jsp
{DB.query} SELECT count(*) AS count FROM LM_COURSE_USER_LOG a  LEFT JOIN LM_COURSE c ON a.course_id = c.id  LEFT JOIN LM_LESSON l ON a.course_id = l.id  WHERE a.status = 1 AND a.user_id = 25 AND a.course_user_id = ? => Unknown column 'a.status' in 'where clause'
[Ljava.lang.Object;@5247a32a (Unknown column 'a.status' in 'where clause')
[2022-06-20 12:33:22] at /sysop/course/log_0list.jsp
{DB.query} SELECT a.*, c.course_nm, l.lesson_nm  FROM LM_COURSE_USER_LOG a  LEFT JOIN LM_COURSE c ON a.course_id = c.id  LEFT JOIN LM_LESSON l ON a.course_id = l.id  WHERE a.status = 1 AND a.user_id = 25 AND a.course_user_id = ? ORDER BY a.reg_date desc LIMIT 0, 15 => Unknown column 'a.status' in 'where clause'
[Ljava.lang.Object;@805ca3 (Unknown column 'a.status' in 'where clause')
[2022-06-20 12:37:31] at /sysop/course/log_0list.jsp
{DB.query} SELECT count(*) AS count FROM LM_COURSE_USER_LOG a  LEFT JOIN LM_COURSE c ON a.course_id = c.id  LEFT JOIN LM_LESSON l ON a.course_id = l.id  WHERE a.status = 1 AND a.user_id = 1 AND a.course_user_id = ? => Unknown column 'a.status' in 'where clause'
[Ljava.lang.Object;@6357122c (Unknown column 'a.status' in 'where clause')
[2022-06-20 12:37:31] at /sysop/course/log_0list.jsp
{DB.query} SELECT a.*, c.course_nm, l.lesson_nm  FROM LM_COURSE_USER_LOG a  LEFT JOIN LM_COURSE c ON a.course_id = c.id  LEFT JOIN LM_LESSON l ON a.course_id = l.id  WHERE a.status = 1 AND a.user_id = 1 AND a.course_user_id = ? ORDER BY a.reg_date desc LIMIT 0, 15 => Unknown column 'a.status' in 'where clause'
[Ljava.lang.Object;@51c3b7c7 (Unknown column 'a.status' in 'where clause')
[2022-06-20 13:11:59] at /classroom/viewer.jsp
{Malgn.strToDate(1)} source: (source is blank or null)
[2022-06-20 13:11:59] at /classroom/viewer.jsp
{Malgn.diffDate} type:D, sdate:, edate:20220620 (date is blank or null)
[2022-06-20 13:14:44] at /classroom/viewer.jsp
{Malgn.strToDate(1)} source: (source is blank or null)
[2022-06-20 13:14:44] at /classroom/viewer.jsp
{Malgn.diffDate} type:D, sdate:, edate:20220620 (date is blank or null)
[2022-06-20 13:16:15] at /sysop/course/log_0list.jsp
{DB.query} SELECT count(*) AS count FROM LM_COURSE_USER_LOG a  LEFT JOIN LM_COURSE c ON a.course_id = c.id  LEFT JOIN LM_LESSON l ON a.course_id = l.id  WHERE a.status = 1 AND a.user_id = 44 AND a.course_user_id = ? => Unknown column 'a.status' in 'where clause'
[Ljava.lang.Object;@53c66089 (Unknown column 'a.status' in 'where clause')
[2022-06-20 13:16:15] at /sysop/course/log_0list.jsp
{DB.query} SELECT a.*, c.course_nm, l.lesson_nm  FROM LM_COURSE_USER_LOG a  LEFT JOIN LM_COURSE c ON a.course_id = c.id  LEFT JOIN LM_LESSON l ON a.course_id = l.id  WHERE a.status = 1 AND a.user_id = 44 AND a.course_user_id = ? ORDER BY a.reg_date desc LIMIT 0, 15 => Unknown column 'a.status' in 'where clause'
[Ljava.lang.Object;@372aa3ba (Unknown column 'a.status' in 'where clause')
[2022-06-20 13:16:44] at /sysop/course/log_0list.jsp
{DB.query} SELECT count(*) AS count FROM LM_COURSE_USER_LOG a  LEFT JOIN LM_COURSE c ON a.course_id = c.id  LEFT JOIN LM_LESSON l ON a.course_id = l.id  WHERE a.status = 1 AND a.user_id = 44 AND a.course_user_id = ? => Unknown column 'a.status' in 'where clause'
[Ljava.lang.Object;@2b60485a (Unknown column 'a.status' in 'where clause')
[2022-06-20 13:16:44] at /sysop/course/log_0list.jsp
{DB.query} SELECT a.*, c.course_nm, l.lesson_nm  FROM LM_COURSE_USER_LOG a  LEFT JOIN LM_COURSE c ON a.course_id = c.id  LEFT JOIN LM_LESSON l ON a.course_id = l.id  WHERE a.status = 1 AND a.user_id = 44 AND a.course_user_id = ? ORDER BY a.reg_date desc LIMIT 0, 15 => Unknown column 'a.status' in 'where clause'
[Ljava.lang.Object;@4b2938c3 (Unknown column 'a.status' in 'where clause')
[2022-06-20 13:16:50] at /sysop/course/log_0list.jsp
{DB.query} SELECT count(*) AS count FROM LM_COURSE_USER_LOG a  LEFT JOIN LM_COURSE c ON a.course_id = c.id  LEFT JOIN LM_LESSON l ON a.course_id = l.id  WHERE a.status = 1 AND a.user_id = 25 AND a.course_user_id = ? => Unknown column 'a.status' in 'where clause'
[Ljava.lang.Object;@24f4b0da (Unknown column 'a.status' in 'where clause')
[2022-06-20 13:16:50] at /sysop/course/log_0list.jsp
{DB.query} SELECT a.*, c.course_nm, l.lesson_nm  FROM LM_COURSE_USER_LOG a  LEFT JOIN LM_COURSE c ON a.course_id = c.id  LEFT JOIN LM_LESSON l ON a.course_id = l.id  WHERE a.status = 1 AND a.user_id = 25 AND a.course_user_id = ? ORDER BY a.reg_date desc LIMIT 0, 15 => Unknown column 'a.status' in 'where clause'
[Ljava.lang.Object;@2a3afa6c (Unknown column 'a.status' in 'where clause')
[2022-06-20 13:17:12] at /sysop/course/log_0list.jsp
{DB.query} SELECT count(*) AS count FROM LM_COURSE_USER_LOG a  LEFT JOIN LM_COURSE c ON a.course_id = c.id  LEFT JOIN LM_LESSON l ON a.course_id = l.id  WHERE a.status = 1 AND a.user_id = 25 AND a.course_user_id = ? => Unknown column 'a.status' in 'where clause'
[Ljava.lang.Object;@43d1292a (Unknown column 'a.status' in 'where clause')
[2022-06-20 13:17:12] at /sysop/course/log_0list.jsp
{DB.query} SELECT a.*, c.course_nm, l.lesson_nm  FROM LM_COURSE_USER_LOG a  LEFT JOIN LM_COURSE c ON a.course_id = c.id  LEFT JOIN LM_LESSON l ON a.course_id = l.id  WHERE a.status = 1 AND a.user_id = 25 AND a.course_user_id = ? ORDER BY a.reg_date desc LIMIT 0, 15 => Unknown column 'a.status' in 'where clause'
[Ljava.lang.Object;@7d748ff2 (Unknown column 'a.status' in 'where clause')
[2022-06-20 13:17:19] at /sysop/course/log_0list.jsp
{DB.query} SELECT count(*) AS count FROM LM_COURSE_USER_LOG a  LEFT JOIN LM_COURSE c ON a.course_id = c.id  LEFT JOIN LM_LESSON l ON a.course_id = l.id  WHERE a.status = 1 AND a.user_id = 10 AND a.course_user_id = ? => Unknown column 'a.status' in 'where clause'
[Ljava.lang.Object;@6d019b5c (Unknown column 'a.status' in 'where clause')
[2022-06-20 13:17:19] at /sysop/course/log_0list.jsp
{DB.query} SELECT a.*, c.course_nm, l.lesson_nm  FROM LM_COURSE_USER_LOG a  LEFT JOIN LM_COURSE c ON a.course_id = c.id  LEFT JOIN LM_LESSON l ON a.course_id = l.id  WHERE a.status = 1 AND a.user_id = 10 AND a.course_user_id = ? ORDER BY a.reg_date desc LIMIT 0, 15 => Unknown column 'a.status' in 'where clause'
[Ljava.lang.Object;@409d2a2 (Unknown column 'a.status' in 'where clause')
[2022-06-20 13:17:49] at /sysop/course/log_0list.jsp
{DB.query} SELECT count(*) AS count FROM LM_COURSE_USER_LOG a  LEFT JOIN LM_COURSE c ON a.course_id = c.id  LEFT JOIN LM_LESSON l ON a.course_id = l.id  WHERE a.status = 1 AND a.user_id = 25 AND a.course_user_id = ? => Unknown column 'a.status' in 'where clause'
[Ljava.lang.Object;@7d903e1e (Unknown column 'a.status' in 'where clause')
[2022-06-20 13:17:49] at /sysop/course/log_0list.jsp
{DB.query} SELECT a.*, c.course_nm, l.lesson_nm  FROM LM_COURSE_USER_LOG a  LEFT JOIN LM_COURSE c ON a.course_id = c.id  LEFT JOIN LM_LESSON l ON a.course_id = l.id  WHERE a.status = 1 AND a.user_id = 25 AND a.course_user_id = ? ORDER BY a.reg_date desc LIMIT 0, 15 => Unknown column 'a.status' in 'where clause'
[Ljava.lang.Object;@2dcb48eb (Unknown column 'a.status' in 'where clause')
[2022-06-20 13:18:03] at /sysop/course/log_0list.jsp
{DB.query} SELECT count(*) AS count FROM LM_COURSE_USER_LOG a  LEFT JOIN LM_COURSE c ON a.course_id = c.id  LEFT JOIN LM_LESSON l ON a.course_id = l.id  WHERE a.status = 1 AND a.user_id = 25 AND a.course_user_id = ? => Unknown column 'a.status' in 'where clause'
[Ljava.lang.Object;@328e78f5 (Unknown column 'a.status' in 'where clause')
[2022-06-20 13:18:03] at /sysop/course/log_0list.jsp
{DB.query} SELECT a.*, c.course_nm, l.lesson_nm  FROM LM_COURSE_USER_LOG a  LEFT JOIN LM_COURSE c ON a.course_id = c.id  LEFT JOIN LM_LESSON l ON a.course_id = l.id  WHERE a.status = 1 AND a.user_id = 25 AND a.course_user_id = ? ORDER BY a.reg_date desc LIMIT 0, 15 => Unknown column 'a.status' in 'where clause'
[Ljava.lang.Object;@68028194 (Unknown column 'a.status' in 'where clause')
[2022-06-20 13:18:50] at /sysop/course/log_0list.jsp
{DB.query} SELECT count(*) AS count FROM LM_COURSE_USER_LOG a  LEFT JOIN LM_COURSE c ON a.course_id = c.id  LEFT JOIN LM_LESSON l ON a.course_id = l.id  WHERE a.status = 1 AND a.user_id = 25 AND a.course_user_id = ? => Unknown column 'a.status' in 'where clause'
[Ljava.lang.Object;@7b5d679f (Unknown column 'a.status' in 'where clause')
[2022-06-20 13:18:50] at /sysop/course/log_0list.jsp
{DB.query} SELECT a.*, c.course_nm, l.lesson_nm  FROM LM_COURSE_USER_LOG a  LEFT JOIN LM_COURSE c ON a.course_id = c.id  LEFT JOIN LM_LESSON l ON a.course_id = l.id  WHERE a.status = 1 AND a.user_id = 25 AND a.course_user_id = ? ORDER BY a.reg_date desc LIMIT 0, 15 => Unknown column 'a.status' in 'where clause'
[Ljava.lang.Object;@1be1add3 (Unknown column 'a.status' in 'where clause')
[2022-06-20 13:18:53] at /sysop/course/progress_0log_0list.jsp
{DB.query} SELECT count(*) AS count FROM LM_COURSE_USER_LOG a  LEFT JOIN LM_COURSE c ON a.course_id = c.id  LEFT JOIN LM_LESSON l ON a.course_id = l.id  WHERE a.status = 1 AND a.user_id = 25 AND a.course_user_id = ? => Unknown column 'a.status' in 'where clause'
[Ljava.lang.Object;@1bba09ea (Unknown column 'a.status' in 'where clause')
[2022-06-20 13:18:53] at /sysop/course/progress_0log_0list.jsp
{DB.query} SELECT a.*, c.course_nm, l.lesson_nm  FROM LM_COURSE_USER_LOG a  LEFT JOIN LM_COURSE c ON a.course_id = c.id  LEFT JOIN LM_LESSON l ON a.course_id = l.id  WHERE a.status = 1 AND a.user_id = 25 AND a.course_user_id = ? ORDER BY a.reg_date desc LIMIT 0, 15 => Unknown column 'a.status' in 'where clause'
[Ljava.lang.Object;@20b3c8b3 (Unknown column 'a.status' in 'where clause')
[2022-06-20 13:24:28] at /classroom/viewer.jsp
{Malgn.strToDate(1)} source: (source is blank or null)
[2022-06-20 13:24:28] at /classroom/viewer.jsp
{Malgn.diffDate} type:D, sdate:, edate:20220620 (date is blank or null)
[2022-06-20 13:44:10] {Template.readFile} path:/home/otes/public_html/html/layout/left_banner.html
[2022-06-20 13:44:14] {Template.readFile} path:/home/otes/public_html/html/layout/left_banner.html
[2022-06-20 13:44:18] {Template.readFile} path:/home/otes/public_html/html/layout/left_banner.html
[2022-06-20 13:44:19] {Template.readFile} path:/home/otes/public_html/html/layout/left_banner.html
[2022-06-20 13:44:27] {Template.readFile} path:/home/otes/public_html/html/layout/left_banner.html
[2022-06-20 13:47:17] {Template.readFile} path:/home/otes/public_html/html/layout/left_banner.html
[2022-06-20 13:50:34] {Template.readFile} path:/home/otes/public_html/html/layout/left_banner.html
[2022-06-20 13:54:00] {Template.readFile} path:/home/otes/public_html/html/layout/left_banner.html
[2022-06-20 13:54:01] {Template.readFile} path:/home/otes/public_html/html/layout/left_banner.html
[2022-06-20 13:54:04] {Template.readFile} path:/home/otes/public_html/html/layout/left_banner.html
[2022-06-20 13:54:11] {Template.readFile} path:/home/otes/public_html/html/layout/left_banner.html
[2022-06-20 13:54:18] {Template.readFile} path:/home/otes/public_html/html/layout/left_banner.html
[2022-06-20 13:56:03] {Template.readFile} path:/home/otes/public_html/html/layout/left_banner.html
[2022-06-20 13:56:04] {Template.readFile} path:/home/otes/public_html/html/layout/left_banner.html
[2022-06-20 13:56:08] {Template.readFile} path:/home/otes/public_html/html/layout/left_banner.html
[2022-06-20 14:04:21] {Template.readFile} path:/home/otes/public_html/html/layout/left_banner.html
[2022-06-20 14:07:04] {Template.readFile} path:/home/otes/public_html/html/layout/left_banner.html
[2022-06-20 14:09:33] {Template.readFile} path:/home/otes/public_html/html/layout/left_banner.html
[2022-06-20 14:15:08] at /classroom/viewer.jsp
{Malgn.strToDate(1)} source: (source is blank or null)
[2022-06-20 14:15:08] at /classroom/viewer.jsp
{Malgn.diffDate} type:D, sdate:, edate:20220620 (date is blank or null)
[2022-06-20 14:20:30] at /main/index.jsp
{DB.query} SELECT * FROM LM_COURSE WHERE status = 1 AND recomm_yn = Y  => Unknown column 'Y' in 'where clause' (Unknown column 'Y' in 'where clause')
[2022-06-20 14:20:33] at /main/index.jsp
{DB.query} SELECT * FROM LM_COURSE WHERE status = 1 AND recomm_yn = Y  => Unknown column 'Y' in 'where clause' (Unknown column 'Y' in 'where clause')
[2022-06-20 14:31:33] {Template.readFile} path:/home/otes/public_html/html/layout/left_banner.html
[2022-06-20 14:31:40] at /mypage/courseuser_0insert.jsp
{Malgn.strToDate(1)} source: (source is blank or null)
[2022-06-20 14:31:40] at /mypage/courseuser_0insert.jsp
{Malgn.diffDate} type:D, sdate:, edate:20220620 (date is blank or null)
[2022-06-20 14:31:41] {Template.readFile} path:/home/otes/public_html/html/layout/left_banner.html
[2022-06-20 14:45:44] at /sysop/course/progress_0log_0list.jsp
{DB.query} SELECT count(*) AS count FROM LM_COURSE_USER_LOG a  LEFT JOIN LM_COURSE c ON a.course_id = c.id  LEFT JOIN LM_LESSON l ON a.course_id = l.id  WHERE a.status = 1 AND a.user_id = 66 AND a.course_user_id = ? => Unknown column 'a.status' in 'where clause'
[Ljava.lang.Object;@11a832b4 (Unknown column 'a.status' in 'where clause')
[2022-06-20 14:45:44] at /sysop/course/progress_0log_0list.jsp
{DB.query} SELECT a.*, c.course_nm, l.lesson_nm  FROM LM_COURSE_USER_LOG a  LEFT JOIN LM_COURSE c ON a.course_id = c.id  LEFT JOIN LM_LESSON l ON a.course_id = l.id  WHERE a.status = 1 AND a.user_id = 66 AND a.course_user_id = ? ORDER BY a.reg_date desc LIMIT 0, 15 => Unknown column 'a.status' in 'where clause'
[Ljava.lang.Object;@166ea062 (Unknown column 'a.status' in 'where clause')
[2022-06-20 15:06:40] {Template.readFile} path:/home/otes/public_html/html/layout/left_banner.html
[2022-06-20 15:06:43] {Template.readFile} path:/home/otes/public_html/html/layout/left_banner.html
[2022-06-20 15:06:46] {Template.readFile} path:/home/otes/public_html/html/layout/left_banner.html
[2022-06-20 15:06:53] at /mypage/courseuser_0insert.jsp
{Malgn.strToDate(1)} source: (source is blank or null)
[2022-06-20 15:06:53] at /mypage/courseuser_0insert.jsp
{Malgn.diffDate} type:D, sdate:, edate:20220620 (date is blank or null)
[2022-06-20 15:06:54] {Template.readFile} path:/home/otes/public_html/html/layout/left_banner.html
[2022-06-20 15:07:01] {Template.readFile} path:/home/otes/public_html/html/layout/left_banner.html
[2022-06-20 15:10:18] at /classroom/progress.jsp
{DB.execute} INSERT INTO LM_COURSE_PROGRESS (course_user_id,last_time,complete_date,status,course_id,study_time,complete_yn,lesson_id,reg_date,user_id,max_time) VALUES (?,?,?,?,?,?,?,?,?,?,?) => Unknown column 'course_id' in 'field list'
{course_user_id=118, last_time=3, complete_date=, status=1, course_id=12, study_time=3, complete_yn=N, lesson_id=34, reg_date=20220620151018, user_id=25, max_time=0} (Unknown column 'course_id' in 'field list')
[2022-06-20 15:10:21] at /classroom/progress.jsp
{DB.execute} INSERT INTO LM_COURSE_PROGRESS (course_user_id,last_time,complete_date,status,course_id,study_time,complete_yn,lesson_id,reg_date,user_id,max_time) VALUES (?,?,?,?,?,?,?,?,?,?,?) => Unknown column 'course_id' in 'field list'
{course_user_id=118, last_time=6, complete_date=, status=1, course_id=12, study_time=3, complete_yn=N, lesson_id=34, reg_date=20220620151021, user_id=25, max_time=0} (Unknown column 'course_id' in 'field list')
[2022-06-20 15:10:24] at /classroom/progress.jsp
{DB.execute} INSERT INTO LM_COURSE_PROGRESS (course_user_id,last_time,complete_date,status,course_id,study_time,complete_yn,lesson_id,reg_date,user_id,max_time) VALUES (?,?,?,?,?,?,?,?,?,?,?) => Unknown column 'course_id' in 'field list'
{course_user_id=118, last_time=9, complete_date=, status=1, course_id=12, study_time=2, complete_yn=N, lesson_id=34, reg_date=20220620151024, user_id=25, max_time=0} (Unknown column 'course_id' in 'field list')
[2022-06-20 15:11:06] at /classroom/progress.jsp
{DB.execute} INSERT INTO LM_COURSE_PROGRESS (course_user_id,last_time,complete_date,status,course_id,study_time,complete_yn,lesson_id,reg_date,user_id,max_time) VALUES (?,?,?,?,?,?,?,?,?,?,?) => Unknown column 'course_id' in 'field list'
{course_user_id=118, last_time=3, complete_date=, status=1, course_id=12, study_time=3, complete_yn=N, lesson_id=34, reg_date=20220620151106, user_id=25, max_time=0} (Unknown column 'course_id' in 'field list')
[2022-06-20 15:11:09] at /classroom/progress.jsp
{DB.execute} INSERT INTO LM_COURSE_PROGRESS (course_user_id,last_time,complete_date,status,course_id,study_time,complete_yn,lesson_id,reg_date,user_id,max_time) VALUES (?,?,?,?,?,?,?,?,?,?,?) => Unknown column 'course_id' in 'field list'
{course_user_id=118, last_time=6, complete_date=, status=1, course_id=12, study_time=3, complete_yn=N, lesson_id=34, reg_date=20220620151109, user_id=25, max_time=0} (Unknown column 'course_id' in 'field list')
[2022-06-20 15:11:12] at /classroom/progress.jsp
{DB.execute} INSERT INTO LM_COURSE_PROGRESS (course_user_id,last_time,complete_date,status,course_id,study_time,complete_yn,lesson_id,reg_date,user_id,max_time) VALUES (?,?,?,?,?,?,?,?,?,?,?) => Unknown column 'course_id' in 'field list'
{course_user_id=118, last_time=9, complete_date=, status=1, course_id=12, study_time=3, complete_yn=N, lesson_id=34, reg_date=20220620151112, user_id=25, max_time=0} (Unknown column 'course_id' in 'field list')
[2022-06-20 15:11:15] at /classroom/progress.jsp
{DB.execute} INSERT INTO LM_COURSE_PROGRESS (course_user_id,last_time,complete_date,status,course_id,study_time,complete_yn,lesson_id,reg_date,user_id,max_time) VALUES (?,?,?,?,?,?,?,?,?,?,?) => Unknown column 'course_id' in 'field list'
{course_user_id=118, last_time=12, complete_date=, status=1, course_id=12, study_time=3, complete_yn=N, lesson_id=34, reg_date=20220620151115, user_id=25, max_time=0} (Unknown column 'course_id' in 'field list')
[2022-06-20 15:11:18] at /classroom/progress.jsp
{DB.execute} INSERT INTO LM_COURSE_PROGRESS (course_user_id,last_time,complete_date,status,course_id,study_time,complete_yn,lesson_id,reg_date,user_id,max_time) VALUES (?,?,?,?,?,?,?,?,?,?,?) => Unknown column 'course_id' in 'field list'
{course_user_id=118, last_time=15, complete_date=, status=1, course_id=12, study_time=3, complete_yn=N, lesson_id=34, reg_date=20220620151118, user_id=25, max_time=0} (Unknown column 'course_id' in 'field list')
[2022-06-20 15:14:16] at /classroom/progress.jsp
{DB.execute} INSERT INTO LM_COURSE_PROGRESS (course_user_id,last_time,complete_date,status,course_id,study_time,complete_yn,lesson_id,reg_date,user_id,max_time) VALUES (?,?,?,?,?,?,?,?,?,?,?) => Unknown column 'course_id' in 'field list'
{course_user_id=118, last_time=40, complete_date=, status=1, course_id=12, study_time=30, complete_yn=N, lesson_id=34, reg_date=20220620151416, user_id=25, max_time=0} (Unknown column 'course_id' in 'field list')
[2022-06-20 15:14:46] at /classroom/progress.jsp
{DB.execute} INSERT INTO LM_COURSE_PROGRESS (course_user_id,last_time,complete_date,status,course_id,study_time,complete_yn,lesson_id,reg_date,user_id,max_time) VALUES (?,?,?,?,?,?,?,?,?,?,?) => Unknown column 'course_id' in 'field list'
{course_user_id=118, last_time=70, complete_date=, status=1, course_id=12, study_time=30, complete_yn=N, lesson_id=34, reg_date=20220620151446, user_id=25, max_time=0} (Unknown column 'course_id' in 'field list')
[2022-06-20 15:15:17] at /classroom/progress.jsp
{DB.execute} INSERT INTO LM_COURSE_PROGRESS (course_user_id,last_time,complete_date,status,course_id,study_time,complete_yn,lesson_id,reg_date,user_id,max_time) VALUES (?,?,?,?,?,?,?,?,?,?,?) => Unknown column 'course_id' in 'field list'
{course_user_id=118, last_time=100, complete_date=, status=1, course_id=12, study_time=30, complete_yn=N, lesson_id=34, reg_date=20220620151517, user_id=25, max_time=0} (Unknown column 'course_id' in 'field list')
[2022-06-20 15:15:46] at /classroom/progress.jsp
{DB.execute} INSERT INTO LM_COURSE_PROGRESS (course_user_id,last_time,complete_date,status,course_id,study_time,complete_yn,lesson_id,reg_date,user_id,max_time) VALUES (?,?,?,?,?,?,?,?,?,?,?) => Unknown column 'course_id' in 'field list'
{course_user_id=118, last_time=130, complete_date=, status=1, course_id=12, study_time=30, complete_yn=N, lesson_id=34, reg_date=20220620151546, user_id=25, max_time=0} (Unknown column 'course_id' in 'field list')
[2022-06-20 15:16:16] at /classroom/progress.jsp
{DB.execute} INSERT INTO LM_COURSE_PROGRESS (course_user_id,last_time,complete_date,status,course_id,study_time,complete_yn,lesson_id,reg_date,user_id,max_time) VALUES (?,?,?,?,?,?,?,?,?,?,?) => Unknown column 'course_id' in 'field list'
{course_user_id=118, last_time=160, complete_date=, status=1, course_id=12, study_time=30, complete_yn=N, lesson_id=34, reg_date=20220620151616, user_id=25, max_time=0} (Unknown column 'course_id' in 'field list')
[2022-06-20 15:16:46] at /classroom/progress.jsp
{DB.execute} INSERT INTO LM_COURSE_PROGRESS (course_user_id,last_time,complete_date,status,course_id,study_time,complete_yn,lesson_id,reg_date,user_id,max_time) VALUES (?,?,?,?,?,?,?,?,?,?,?) => Unknown column 'course_id' in 'field list'
{course_user_id=118, last_time=190, complete_date=, status=1, course_id=12, study_time=30, complete_yn=N, lesson_id=34, reg_date=20220620151646, user_id=25, max_time=0} (Unknown column 'course_id' in 'field list')
[2022-06-20 15:17:16] at /classroom/progress.jsp
{DB.execute} INSERT INTO LM_COURSE_PROGRESS (course_user_id,last_time,complete_date,status,course_id,study_time,complete_yn,lesson_id,reg_date,user_id,max_time) VALUES (?,?,?,?,?,?,?,?,?,?,?) => Unknown column 'course_id' in 'field list'
{course_user_id=118, last_time=220, complete_date=, status=1, course_id=12, study_time=30, complete_yn=N, lesson_id=34, reg_date=20220620151716, user_id=25, max_time=0} (Unknown column 'course_id' in 'field list')
[2022-06-20 15:17:46] at /classroom/progress.jsp
{DB.execute} INSERT INTO LM_COURSE_PROGRESS (course_user_id,last_time,complete_date,status,course_id,study_time,complete_yn,lesson_id,reg_date,user_id,max_time) VALUES (?,?,?,?,?,?,?,?,?,?,?) => Unknown column 'course_id' in 'field list'
{course_user_id=118, last_time=250, complete_date=, status=1, course_id=12, study_time=30, complete_yn=N, lesson_id=34, reg_date=20220620151746, user_id=25, max_time=0} (Unknown column 'course_id' in 'field list')
[2022-06-20 15:17:51] at /classroom/progress.jsp
{DB.execute} INSERT INTO LM_COURSE_PROGRESS (course_user_id,last_time,complete_date,status,course_id,study_time,complete_yn,lesson_id,reg_date,user_id,max_time) VALUES (?,?,?,?,?,?,?,?,?,?,?) => Unknown column 'course_id' in 'field list'
{course_user_id=118, last_time=255, complete_date=, status=1, course_id=12, study_time=4, complete_yn=N, lesson_id=34, reg_date=20220620151751, user_id=25, max_time=0} (Unknown column 'course_id' in 'field list')
[2022-06-20 15:19:18] at /classroom/progress.jsp
{DB.execute} INSERT INTO LM_COURSE_PROGRESS (course_user_id,last_time,complete_date,status,course_id,study_time,complete_yn,lesson_id,reg_date,user_id,max_time) VALUES (?,?,?,?,?,?,?,?,?,?,?) => Unknown column 'course_id' in 'field list'
{course_user_id=118, last_time=23, complete_date=, status=1, course_id=12, study_time=13, complete_yn=N, lesson_id=34, reg_date=20220620151918, user_id=25, max_time=0} (Unknown column 'course_id' in 'field list')
[2022-06-20 15:24:44] {Template.readFile} path:/home/otes/public_html/html/layout/left_banner.html
[2022-06-20 15:35:26] at /sysop/course/progress_0log_0list.jsp
{DB.query} SELECT count(*) AS count FROM LM_COURSE_USER_LOG a  LEFT JOIN LM_COURSE c ON a.course_id = c.id  LEFT JOIN LM_LESSON l ON a.course_id = l.id  WHERE a.status = 1 AND a.user_id = 46 AND a.course_user_id = ? => Unknown column 'a.status' in 'where clause'
[Ljava.lang.Object;@4552e79d (Unknown column 'a.status' in 'where clause')
[2022-06-20 15:35:26] at /sysop/course/progress_0log_0list.jsp
{DB.query} SELECT a.*, c.course_nm, l.lesson_nm  FROM LM_COURSE_USER_LOG a  LEFT JOIN LM_COURSE c ON a.course_id = c.id  LEFT JOIN LM_LESSON l ON a.course_id = l.id  WHERE a.status = 1 AND a.user_id = 46 AND a.course_user_id = ? ORDER BY a.reg_date desc LIMIT 0, 15 => Unknown column 'a.status' in 'where clause'
[Ljava.lang.Object;@6cc130b8 (Unknown column 'a.status' in 'where clause')
[2022-06-20 15:36:42] {Template.readFile} path:/home/otes/public_html/html/layout/left_banner.html
[2022-06-20 15:42:07] {Template.readFile} path:/home/otes/public_html/html/layout/left_banner.html
[2022-06-20 15:42:08] {Template.readFile} path:/home/otes/public_html/html/layout/left_banner.html
[2022-06-20 15:42:41] {Template.readFile} path:/home/otes/public_html/html/layout/left_banner.html
[2022-06-20 15:43:39] {Template.readFile} path:/home/otes/public_html/html/layout/left_banner.html
[2022-06-20 15:50:58] {Template.readFile} path:/home/otes/public_html/html/layout/left_banner.html
[2022-06-20 16:07:08] at /sysop/course/progress_0log_0list.jsp
{DB.query} SELECT count(*) AS count FROM LM_COURSE_USER_LOG a  LEFT JOIN LM_COURSE c ON a.course_id = c.id  LEFT JOIN LM_LESSON l ON a.course_id = l.id  WHERE a.status = 1 AND a.user_id = 4 AND a.course_user_id = ? => Unknown column 'a.status' in 'where clause'
[Ljava.lang.Object;@4151a4cf (Unknown column 'a.status' in 'where clause')
[2022-06-20 16:07:08] at /sysop/course/progress_0log_0list.jsp
{DB.query} SELECT a.*, c.course_nm, l.lesson_nm  FROM LM_COURSE_USER_LOG a  LEFT JOIN LM_COURSE c ON a.course_id = c.id  LEFT JOIN LM_LESSON l ON a.course_id = l.id  WHERE a.status = 1 AND a.user_id = 4 AND a.course_user_id = ? ORDER BY a.reg_date desc LIMIT 0, 15 => Unknown column 'a.status' in 'where clause'
[Ljava.lang.Object;@136fc8fa (Unknown column 'a.status' in 'where clause')
[2022-06-20 16:08:24] at /sysop/course/progress_0log_0list.jsp
{DB.query} SELECT count(*) AS count FROM LM_COURSE_USER_LOG a  LEFT JOIN LM_COURSE c ON a.course_id = c.id  LEFT JOIN LM_LESSON l ON a.course_id = l.id  WHERE a.status = 1 AND a.user_id = 66 AND a.course_user_id = ? => Unknown column 'a.status' in 'where clause'
[Ljava.lang.Object;@68e1a8ac (Unknown column 'a.status' in 'where clause')
[2022-06-20 16:08:24] at /sysop/course/progress_0log_0list.jsp
{DB.query} SELECT a.*, c.course_nm, l.lesson_nm  FROM LM_COURSE_USER_LOG a  LEFT JOIN LM_COURSE c ON a.course_id = c.id  LEFT JOIN LM_LESSON l ON a.course_id = l.id  WHERE a.status = 1 AND a.user_id = 66 AND a.course_user_id = ? ORDER BY a.reg_date desc LIMIT 0, 15 => Unknown column 'a.status' in 'where clause'
[Ljava.lang.Object;@5ee1c728 (Unknown column 'a.status' in 'where clause')
[2022-06-20 16:08:55] at /sysop/course/progress_0log_0list.jsp
{DB.query} SELECT count(*) AS count FROM LM_COURSE_USER_LOG a  LEFT JOIN LM_COURSE c ON a.course_id = c.id  LEFT JOIN LM_LESSON l ON a.course_id = l.id  WHERE a.status = 1 AND a.user_id = 66 AND a.course_user_id = ? => Unknown column 'a.status' in 'where clause'
[Ljava.lang.Object;@62e2e487 (Unknown column 'a.status' in 'where clause')
[2022-06-20 16:08:55] at /sysop/course/progress_0log_0list.jsp
{DB.query} SELECT a.*, c.course_nm, l.lesson_nm  FROM LM_COURSE_USER_LOG a  LEFT JOIN LM_COURSE c ON a.course_id = c.id  LEFT JOIN LM_LESSON l ON a.course_id = l.id  WHERE a.status = 1 AND a.user_id = 66 AND a.course_user_id = ? ORDER BY a.reg_date desc LIMIT 0, 15 => Unknown column 'a.status' in 'where clause'
[Ljava.lang.Object;@5d97d115 (Unknown column 'a.status' in 'where clause')
[2022-06-20 16:11:35] at /sysop/course/progress_0log_0list.jsp
{DB.query} SELECT count(*) AS count FROM LM_COURSE_USER_LOG a  LEFT JOIN LM_COURSE c ON a.course_id = c.id  LEFT JOIN LM_LESSON l ON a.course_id = l.id  WHERE a.status = 1 AND a.user_id = 66 AND a.course_user_id = ? => Unknown column 'a.status' in 'where clause'
[Ljava.lang.Object;@37d1f589 (Unknown column 'a.status' in 'where clause')
[2022-06-20 16:11:35] at /sysop/course/progress_0log_0list.jsp
{DB.query} SELECT a.*, c.course_nm, l.lesson_nm  FROM LM_COURSE_USER_LOG a  LEFT JOIN LM_COURSE c ON a.course_id = c.id  LEFT JOIN LM_LESSON l ON a.course_id = l.id  WHERE a.status = 1 AND a.user_id = 66 AND a.course_user_id = ? ORDER BY a.reg_date desc LIMIT 0, 15 => Unknown column 'a.status' in 'where clause'
[Ljava.lang.Object;@194e4dc (Unknown column 'a.status' in 'where clause')
[2022-06-20 16:15:31] {Template.readFile} path:/home/otes/public_html/html/layout/left_banner.html
[2022-06-20 16:28:27] {Template.readFile} path:/home/otes/public_html/html/layout/left_banner.html
[2022-06-20 16:37:37] at /sysop/course/progress_0log_0list.jsp
{DB.query} SELECT count(*) AS count FROM LM_COURSE_USER_LOG a  LEFT JOIN LM_COURSE c ON a.course_id = c.id  LEFT JOIN LM_LESSON l ON a.course_id = l.id  WHERE a.status = 1 AND a.user_id = 66 AND a.course_user_id = ? => Unknown column 'a.status' in 'where clause'
[Ljava.lang.Object;@78acd851 (Unknown column 'a.status' in 'where clause')
[2022-06-20 16:37:37] at /sysop/course/progress_0log_0list.jsp
{DB.query} SELECT a.*, c.course_nm, l.lesson_nm  FROM LM_COURSE_USER_LOG a  LEFT JOIN LM_COURSE c ON a.course_id = c.id  LEFT JOIN LM_LESSON l ON a.course_id = l.id  WHERE a.status = 1 AND a.user_id = 66 AND a.course_user_id = ? ORDER BY a.reg_date desc LIMIT 0, 15 => Unknown column 'a.status' in 'where clause'
[Ljava.lang.Object;@cd9a5d9 (Unknown column 'a.status' in 'where clause')
[2022-06-20 16:38:18] {Template.readFile} path:/home/otes/public_html/html/layout/left_banner.html
[2022-06-20 16:38:19] {Template.readFile} path:/home/otes/public_html/html/layout/left_banner.html
[2022-06-20 16:38:25] {Template.readFile} path:/home/otes/public_html/html/layout/left_banner.html
[2022-06-20 16:38:42] at /sysop/course/progress_0log_0list.jsp
{DB.query} SELECT count(*) AS count FROM LM_COURSE_USER_LOG a  LEFT JOIN LM_COURSE c ON a.course_id = c.id  LEFT JOIN LM_LESSON l ON a.course_id = l.id  WHERE a.status = 1 AND a.user_id = 25 AND a.course_user_id = ? => Unknown column 'a.status' in 'where clause'
[Ljava.lang.Object;@696cfa8d (Unknown column 'a.status' in 'where clause')
[2022-06-20 16:38:42] at /sysop/course/progress_0log_0list.jsp
{DB.query} SELECT a.*, c.course_nm, l.lesson_nm  FROM LM_COURSE_USER_LOG a  LEFT JOIN LM_COURSE c ON a.course_id = c.id  LEFT JOIN LM_LESSON l ON a.course_id = l.id  WHERE a.status = 1 AND a.user_id = 25 AND a.course_user_id = ? ORDER BY a.reg_date desc LIMIT 0, 15 => Unknown column 'a.status' in 'where clause'
[Ljava.lang.Object;@2d0c36c (Unknown column 'a.status' in 'where clause')
[2022-06-20 16:38:47] at /sysop/course/progress_0log_0list.jsp
{DB.query} SELECT count(*) AS count FROM LM_COURSE_USER_LOG a  LEFT JOIN LM_COURSE c ON a.course_id = c.id  LEFT JOIN LM_LESSON l ON a.course_id = l.id  WHERE a.status = 1 AND a.user_id = 25 AND a.course_user_id = ? => Unknown column 'a.status' in 'where clause'
[Ljava.lang.Object;@719e0266 (Unknown column 'a.status' in 'where clause')
[2022-06-20 16:38:47] at /sysop/course/progress_0log_0list.jsp
{DB.query} SELECT a.*, c.course_nm, l.lesson_nm  FROM LM_COURSE_USER_LOG a  LEFT JOIN LM_COURSE c ON a.course_id = c.id  LEFT JOIN LM_LESSON l ON a.course_id = l.id  WHERE a.status = 1 AND a.user_id = 25 AND a.course_user_id = ? ORDER BY a.reg_date desc LIMIT 0, 15 => Unknown column 'a.status' in 'where clause'
[Ljava.lang.Object;@48a74684 (Unknown column 'a.status' in 'where clause')
[2022-06-20 16:38:53] at /sysop/course/progress_0log_0list.jsp
{DB.query} SELECT count(*) AS count FROM LM_COURSE_USER_LOG a  LEFT JOIN LM_COURSE c ON a.course_id = c.id  LEFT JOIN LM_LESSON l ON a.course_id = l.id  WHERE a.status = 1 AND a.user_id = 25 AND a.course_user_id = ? => Unknown column 'a.status' in 'where clause'
[Ljava.lang.Object;@454fdc6 (Unknown column 'a.status' in 'where clause')
[2022-06-20 16:38:53] at /sysop/course/progress_0log_0list.jsp
{DB.query} SELECT a.*, c.course_nm, l.lesson_nm  FROM LM_COURSE_USER_LOG a  LEFT JOIN LM_COURSE c ON a.course_id = c.id  LEFT JOIN LM_LESSON l ON a.course_id = l.id  WHERE a.status = 1 AND a.user_id = 25 AND a.course_user_id = ? ORDER BY a.reg_date desc LIMIT 0, 15 => Unknown column 'a.status' in 'where clause'
[Ljava.lang.Object;@e6a44db (Unknown column 'a.status' in 'where clause')
[2022-06-20 16:38:55] at /sysop/course/progress_0log_0list.jsp
{DB.query} SELECT count(*) AS count FROM LM_COURSE_USER_LOG a  LEFT JOIN LM_COURSE c ON a.course_id = c.id  LEFT JOIN LM_LESSON l ON a.course_id = l.id  WHERE a.status = 1 AND a.user_id = 25 AND a.course_user_id = ? => Unknown column 'a.status' in 'where clause'
[Ljava.lang.Object;@196eee31 (Unknown column 'a.status' in 'where clause')
[2022-06-20 16:38:55] at /sysop/course/progress_0log_0list.jsp
{DB.query} SELECT a.*, c.course_nm, l.lesson_nm  FROM LM_COURSE_USER_LOG a  LEFT JOIN LM_COURSE c ON a.course_id = c.id  LEFT JOIN LM_LESSON l ON a.course_id = l.id  WHERE a.status = 1 AND a.user_id = 25 AND a.course_user_id = ? ORDER BY a.reg_date desc LIMIT 0, 15 => Unknown column 'a.status' in 'where clause'
[Ljava.lang.Object;@57b9d641 (Unknown column 'a.status' in 'where clause')
[2022-06-20 16:38:59] {Template.readFile} path:/home/otes/public_html/html/layout/left_banner.html
[2022-06-20 16:39:00] at /sysop/course/progress_0log_0list.jsp
{DB.query} SELECT count(*) AS count FROM LM_COURSE_USER_LOG a  LEFT JOIN LM_COURSE c ON a.course_id = c.id  LEFT JOIN LM_LESSON l ON a.course_id = l.id  WHERE a.status = 1 AND a.user_id = 25 AND a.course_user_id = ? => Unknown column 'a.status' in 'where clause'
[Ljava.lang.Object;@7f8af66 (Unknown column 'a.status' in 'where clause')
[2022-06-20 16:39:00] at /sysop/course/progress_0log_0list.jsp
{DB.query} SELECT a.*, c.course_nm, l.lesson_nm  FROM LM_COURSE_USER_LOG a  LEFT JOIN LM_COURSE c ON a.course_id = c.id  LEFT JOIN LM_LESSON l ON a.course_id = l.id  WHERE a.status = 1 AND a.user_id = 25 AND a.course_user_id = ? ORDER BY a.reg_date desc LIMIT 0, 15 => Unknown column 'a.status' in 'where clause'
[Ljava.lang.Object;@3af96aff (Unknown column 'a.status' in 'where clause')
[2022-06-20 16:39:01] {Template.readFile} path:/home/otes/public_html/html/layout/left_banner.html
[2022-06-20 16:39:05] {Template.readFile} path:/home/otes/public_html/html/layout/left_banner.html
[2022-06-20 16:39:14] {Template.readFile} path:/home/otes/public_html/html/layout/left_banner.html
[2022-06-20 16:39:17] {Template.readFile} path:/home/otes/public_html/html/layout/left_banner.html
[2022-06-20 16:40:08] at /sysop/course/progress_0log_0list.jsp
{DB.query} SELECT count(*) AS count FROM LM_COURSE_USER_LOG a  LEFT JOIN LM_LESSON l ON a.lesson_id = l.id  WHERE a.user_id = 25 AND a.course_user_id = ? => Unknown column 'a.user_id' in 'where clause'
[Ljava.lang.Object;@6acea1ef (Unknown column 'a.user_id' in 'where clause')
[2022-06-20 16:40:08] at /sysop/course/progress_0log_0list.jsp
{DB.query} SELECT a.*, c.course_nm, l.lesson_nm  FROM LM_COURSE_USER_LOG a  LEFT JOIN LM_LESSON l ON a.lesson_id = l.id  WHERE a.user_id = 25 AND a.course_user_id = ? ORDER BY a.reg_date desc LIMIT 0, 15 => Unknown column 'c.course_nm' in 'field list'
[Ljava.lang.Object;@46bd5264 (Unknown column 'c.course_nm' in 'field list')
[2022-06-20 16:40:15] {Template.readFile} path:/home/otes/public_html/html/layout/left_banner.html
[2022-06-20 16:40:22] at /sysop/course/progress_0log_0list.jsp
{DB.query} SELECT count(*) AS count FROM LM_COURSE_USER_LOG a  LEFT JOIN LM_LESSON l ON a.lesson_id = l.id  WHERE a.user_id = 25 AND a.course_user_id = ? => Unknown column 'a.user_id' in 'where clause'
[Ljava.lang.Object;@45f5acc (Unknown column 'a.user_id' in 'where clause')
[2022-06-20 16:40:22] at /sysop/course/progress_0log_0list.jsp
{DB.query} SELECT a.*, c.course_nm, l.lesson_nm  FROM LM_COURSE_USER_LOG a  LEFT JOIN LM_LESSON l ON a.lesson_id = l.id  WHERE a.user_id = 25 AND a.course_user_id = ? ORDER BY a.reg_date desc LIMIT 0, 15 => Unknown column 'c.course_nm' in 'field list'
[Ljava.lang.Object;@71b61e47 (Unknown column 'c.course_nm' in 'field list')
[2022-06-20 16:40:59] {Template.readFile} path:/home/otes/public_html/html/layout/left_banner.html
[2022-06-20 16:41:07] {Template.readFile} path:/home/otes/public_html/html/layout/left_banner.html
[2022-06-20 16:41:22] at /sysop/course/progress_0log_0list.jsp
{DB.query} SELECT a.*, c.course_nm, l.lesson_nm  FROM LM_COURSE_USER_LOG a  LEFT JOIN LM_LESSON l ON a.lesson_id = l.id  WHERE a.course_user_id = 25 ORDER BY a.reg_date desc LIMIT 0, 15 => Unknown column 'c.course_nm' in 'field list' (Unknown column 'c.course_nm' in 'field list')
[2022-06-20 16:43:32] {Template.readFile} path:/home/otes/public_html/html/layout/left_banner.html
[2022-06-20 16:51:45] at /classroom/progress.jsp
{DB.execute} UPDATE LM_COURSE_PROGRESS SET status=?,max_time=?,complete_date=?,complete_yn=?,last_time=?,study_time=? WHERE course_user_id = 118 AND lesson_id = 41 => Data truncation: Data too long for column 'COMPLETE_DATE' at row 1
{status=1, max_time=125, complete_date=20220620165145, complete_yn=Y, last_time=125, study_time=498} (Data truncation: Data too long for column 'COMPLETE_DATE' at row 1)
[2022-06-20 16:51:50] at /classroom/progress.jsp
{DB.execute} UPDATE LM_COURSE_PROGRESS SET status=?,max_time=?,complete_date=?,complete_yn=?,last_time=?,study_time=? WHERE course_user_id = 118 AND lesson_id = 41 => Data truncation: Data too long for column 'COMPLETE_DATE' at row 1
{status=1, max_time=135, complete_date=20220620165150, complete_yn=Y, last_time=135, study_time=498} (Data truncation: Data too long for column 'COMPLETE_DATE' at row 1)
[2022-06-20 16:51:55] at /classroom/progress.jsp
{DB.execute} UPDATE LM_COURSE_PROGRESS SET status=?,max_time=?,complete_date=?,complete_yn=?,last_time=?,study_time=? WHERE course_user_id = 118 AND lesson_id = 41 => Data truncation: Data too long for column 'COMPLETE_DATE' at row 1
{status=1, max_time=140, complete_date=20220620165155, complete_yn=Y, last_time=140, study_time=497} (Data truncation: Data too long for column 'COMPLETE_DATE' at row 1)
[2022-06-20 17:02:13] {Template.readFile} path:/home/otes/public_html/html/layout/left_banner.html
[2022-06-20 17:02:23] {Template.readFile} path:/home/otes/public_html/html/layout/left_banner.html
[2022-06-20 17:02:30] {Template.readFile} path:/home/otes/public_html/html/layout/left_banner.html
[2022-06-20 17:02:33] {Template.readFile} path:/home/otes/public_html/html/layout/left_banner.html
[2022-06-20 17:02:35] {Template.readFile} path:/home/otes/public_html/html/layout/left_banner.html
[2022-06-20 17:02:36] {Template.readFile} path:/home/otes/public_html/html/layout/left_banner.html
[2022-06-20 17:06:40] {Template.readFile} path:/home/otes/public_html/html/layout/left_banner.html
[2022-06-20 17:30:48] at /mypage/courseuser_0insert.jsp
{Malgn.strToDate(1)} source: (source is blank or null)
[2022-06-20 17:30:48] at /mypage/courseuser_0insert.jsp
{Malgn.diffDate} type:D, sdate:, edate:20220620 (date is blank or null)
[2022-06-20 17:30:54] at /mypage/courseuser_0insert.jsp
{Malgn.strToDate(1)} source: (source is blank or null)
[2022-06-20 17:30:54] at /mypage/courseuser_0insert.jsp
{Malgn.diffDate} type:D, sdate:, edate:20220620 (date is blank or null)
[2022-06-20 17:30:55] {Template.readFile} path:/home/otes/public_html/html/layout/left_banner.html
[2022-06-20 17:31:22] {Template.readFile} path:/home/otes/public_html/html/layout/left_banner.html
[2022-06-20 17:32:44] at /sysop/user/user_0list.jsp
{DB.query} SELECT COUNT(*) count FROM (SELECT count(*) AS count FROM TB_USER a LEFT JOIN LM_COURSE_USER cu ON cu.user_id = a.id WHERE a.status != -1 AND a.user_type = ? AND u.user_nm LIKE ? GROUP BY a.id) ZA => Unknown column 'u.user_nm' in 'where clause'
[Ljava.lang.Object;@336dc592 (Unknown column 'u.user_nm' in 'where clause')
[2022-06-20 17:32:44] at /sysop/user/user_0list.jsp
{DB.query} SELECT a.* , (SELECT COUNT(*) FROM LM_COURSE_USER WHERE user_id = a.id AND status != -1) course_cnt  FROM TB_USER a LEFT JOIN LM_COURSE_USER cu ON cu.user_id = a.id WHERE a.status != -1 AND a.user_type = ? AND u.user_nm LIKE ? GROUP BY a.id ORDER BY a.id desc LIMIT 0, 20 => Unknown column 'u.user_nm' in 'where clause'
[Ljava.lang.Object;@4d6ce1a3 (Unknown column 'u.user_nm' in 'where clause')
[2022-06-20 17:32:47] at /sysop/user/user_0list.jsp
{DB.query} SELECT COUNT(*) count FROM (SELECT count(*) AS count FROM TB_USER a LEFT JOIN LM_COURSE_USER cu ON cu.user_id = a.id WHERE a.status != -1 AND a.user_type = ? AND u.user_nm LIKE ? GROUP BY a.id) ZA => Unknown column 'u.user_nm' in 'where clause'
[Ljava.lang.Object;@298812b5 (Unknown column 'u.user_nm' in 'where clause')
[2022-06-20 17:32:47] at /sysop/user/user_0list.jsp
{DB.query} SELECT a.* , (SELECT COUNT(*) FROM LM_COURSE_USER WHERE user_id = a.id AND status != -1) course_cnt  FROM TB_USER a LEFT JOIN LM_COURSE_USER cu ON cu.user_id = a.id WHERE a.status != -1 AND a.user_type = ? AND u.user_nm LIKE ? GROUP BY a.id ORDER BY a.id desc LIMIT 0, 20 => Unknown column 'u.user_nm' in 'where clause'
[Ljava.lang.Object;@b50ab4d (Unknown column 'u.user_nm' in 'where clause')
[2022-06-20 17:32:50] at /sysop/user/user_0list.jsp
{DB.query} SELECT COUNT(*) count FROM (SELECT count(*) AS count FROM TB_USER a LEFT JOIN LM_COURSE_USER cu ON cu.user_id = a.id WHERE a.status != -1 AND u.user_nm LIKE ? GROUP BY a.id) ZA => Unknown column 'u.user_nm' in 'where clause'
[Ljava.lang.Object;@7cab85c3 (Unknown column 'u.user_nm' in 'where clause')
[2022-06-20 17:32:50] at /sysop/user/user_0list.jsp
{DB.query} SELECT a.* , (SELECT COUNT(*) FROM LM_COURSE_USER WHERE user_id = a.id AND status != -1) course_cnt  FROM TB_USER a LEFT JOIN LM_COURSE_USER cu ON cu.user_id = a.id WHERE a.status != -1 AND u.user_nm LIKE ? GROUP BY a.id ORDER BY a.id desc LIMIT 0, 20 => Unknown column 'u.user_nm' in 'where clause'
[Ljava.lang.Object;@7bf3689a (Unknown column 'u.user_nm' in 'where clause')
[2022-06-20 17:32:57] at /sysop/user/user_0list.jsp
{DB.query} SELECT COUNT(*) count FROM (SELECT count(*) AS count FROM TB_USER a LEFT JOIN LM_COURSE_USER cu ON cu.user_id = a.id WHERE a.status != -1 AND u.user_nm LIKE ? GROUP BY a.id) ZA => Unknown column 'u.user_nm' in 'where clause'
[Ljava.lang.Object;@6d82892e (Unknown column 'u.user_nm' in 'where clause')
[2022-06-20 17:32:57] at /sysop/user/user_0list.jsp
{DB.query} SELECT a.* , (SELECT COUNT(*) FROM LM_COURSE_USER WHERE user_id = a.id AND status != -1) course_cnt  FROM TB_USER a LEFT JOIN LM_COURSE_USER cu ON cu.user_id = a.id WHERE a.status != -1 AND u.user_nm LIKE ? GROUP BY a.id ORDER BY a.id desc LIMIT 0, 20 => Unknown column 'u.user_nm' in 'where clause'
[Ljava.lang.Object;@186713ae (Unknown column 'u.user_nm' in 'where clause')
[2022-06-20 18:05:16] {Template.readFile} path:/home/otes/public_html/html/layout/left_banner.html
[2022-06-20 18:05:31] {Template.readFile} path:/home/otes/public_html/html/layout/left_banner.html
[2022-06-20 18:05:32] {Template.readFile} path:/home/otes/public_html/html/layout/left_banner.html
[2022-06-20 18:05:33] {Template.readFile} path:/home/otes/public_html/html/layout/left_banner.html
[2022-06-20 18:05:35] {Template.readFile} path:/home/otes/public_html/html/layout/left_banner.html
[2022-06-20 18:05:47] {Template.readFile} path:/home/otes/public_html/html/layout/left_banner.html
[2022-06-20 18:05:55] {Template.readFile} path:/home/otes/public_html/html/layout/left_banner.html
[2022-06-20 18:06:04] {Template.readFile} path:/home/otes/public_html/html/layout/left_banner.html
[2022-06-20 18:06:08] {Template.readFile} path:/home/otes/public_html/html/layout/left_banner.html
[2022-06-20 18:06:31] {Template.readFile} path:/home/otes/public_html/html/layout/left_banner.html
[2022-06-20 18:06:42] {Template.readFile} path:/home/otes/public_html/html/layout/left_banner.html
[2022-06-20 18:06:45] {Template.readFile} path:/home/otes/public_html/html/layout/left_banner.html
[2022-06-20 18:06:45] {Template.readFile} path:/home/otes/public_html/html/layout/left_banner.html
[2022-06-20 18:06:59] {Template.readFile} path:/home/otes/public_html/html/layout/left_banner.html
[2022-06-20 18:07:00] {Template.readFile} path:/home/otes/public_html/html/layout/left_banner.html
[2022-06-20 18:07:04] {Template.readFile} path:/home/otes/public_html/html/layout/left_banner.html
[2022-06-20 18:08:09] {Template.readFile} path:/home/otes/public_html/html/layout/left_banner.html
[2022-06-20 18:08:36] {Template.readFile} path:/home/otes/public_html/html/layout/left_banner.html
[2022-06-20 18:19:21] {Template.readFile} path:/home/otes/public_html/html/layout/left_banner.html
[2022-06-20 18:19:42] {Template.readFile} path:/home/otes/public_html/html/layout/left_banner.html
[2022-06-20 18:19:46] {Template.readFile} path:/home/otes/public_html/html/layout/left_banner.html
[2022-06-20 18:19:59] {Template.readFile} path:/home/otes/public_html/html/layout/left_banner.html
[2022-06-20 18:20:09] {Template.readFile} path:/home/otes/public_html/html/layout/left_banner.html
[2022-06-20 18:20:16] at /mypage/courseuser_0insert.jsp
{Malgn.strToDate(1)} source: (source is blank or null)
[2022-06-20 18:20:16] at /mypage/courseuser_0insert.jsp
{Malgn.diffDate} type:D, sdate:, edate:20220620 (date is blank or null)
[2022-06-20 18:20:17] {Template.readFile} path:/home/otes/public_html/html/layout/left_banner.html
[2022-06-20 18:29:33] {Template.readFile} path:/home/otes/public_html/html/layout/left_banner.html
[2022-06-20 18:29:37] {Template.readFile} path:/home/otes/public_html/html/layout/left_banner.html
[2022-06-20 18:30:05] {Template.readFile} path:/home/otes/public_html/html/layout/left_banner.html
[2022-06-20 18:30:19] {Template.readFile} path:/home/otes/public_html/html/layout/left_banner.html
[2022-06-20 18:30:22] {Template.readFile} path:/home/otes/public_html/html/layout/left_banner.html
[2022-06-20 18:30:35] {Template.readFile} path:/home/otes/public_html/html/layout/left_banner.html
